chat file: </home/ptmac/Documents/07-CERN-ISS-Mg/analysis/working/GEBMerge.chat> open

will echo command lines
chat->
chat->#---------------------------------------
chat-># max coincidence events to create, listing etc
chat->
chat->maxNoEvents 2000000000
chat->TSlistelen 50  1 20
chat->#           |  | +-- last bigbuf
chat->#           |  +-- first bigbuf
chat->#           +-- max TS to write per file
chat->
chat->nprint 1
will print information for first 1 events
chat->
chat->#---------------------------------------
chat-># output chunk size
chat->
chat->chunksiz 2000000000
chat->
chat->#---------------------------------------
chat-># bigbuf size and wosize
chat->#    +--- big size makes program slow;
chat->#         but it may be necessary sometimes
chat->
chat->bigbufsize 450
sizeof(EVENT)= 16
will use a bigbuffer size of 450, or   0.009 MBytes
chat->wosize     100
will use a bigbuffer wosize of 450
chat->#  |
chat->#  +--- in percent of bigbufsize
chat->#       written out per buffer
chat->
chat->#---------------------------------------
chat-># how often should we write 
chat-># statistics to output
chat->
chat->reportinterval 1000
chat->
chat->#---------------------------------------
chat-># TS jump recovery trigger limits
chat-># (if timestamps jumps outside these
chat->#  limits GTMerge will read forward to 
chat->#  try and recover, 0.1 to 1 sec seems to works)
chat->#  100000000 ==  1 sec
chat->#  100000    ==  1 ms
chat->#  100       ==  1 us
chat->#  1         == 10 ns
chat->
chat->dts_min  -10000000000
control.dts_min=-10000000000
chat->dts_max   10000000000
control.dts_max=10000000000
chat->
chat->dtsfabort 50
chat->dtsbabort 50
chat->#         |
chat->#         +----- abort recovery and accept TS
chat->#                after this many tries in a row
chat->
chat->#---------------------------------------
chat-># enable to zzip output data file
chat-># does not work at the moment
chat->
chat->;zzipout
chat->
/home/ptmac/Documents/07-CERN-ISS-Mg/analysis/GEBSort/GEBMerge: will produce a max of 2000000000 events
/home/ptmac/Documents/07-CERN-ISS-Mg/analysis/GEBSort/GEBMerge: will write combined data to file "/home/ptmac/Documents/07-CERN-ISS-Mg/analysis/merged_data/GEBMerged_run24.gtd"
/home/ptmac/Documents/07-CERN-ISS-Mg/analysis/GEBSort/GEBMerge: we have 10 datafiles to combine
/home/ptmac/Documents/07-CERN-ISS-Mg/analysis/GEBSort/GEBMerge: will keep a pool of 10 events to combine from 
/home/ptmac/Documents/07-CERN-ISS-Mg/analysis/GEBSort/GEBMerge: input data file "/home/ptmac/Documents/07-CERN-ISS-Mg/analysis/data/iss000_run_24.gtd01_000_0103", number 0, is open
/home/ptmac/Documents/07-CERN-ISS-Mg/analysis/GEBSort/GEBMerge: input data file "/home/ptmac/Documents/07-CERN-ISS-Mg/analysis/data/iss000_run_24.gtd02_000_0105", number 1, is open
/home/ptmac/Documents/07-CERN-ISS-Mg/analysis/GEBSort/GEBMerge: input data file "/home/ptmac/Documents/07-CERN-ISS-Mg/analysis/data/iss000_run_24.gtd02_000_0106", number 2, is open
/home/ptmac/Documents/07-CERN-ISS-Mg/analysis/GEBSort/GEBMerge: input data file "/home/ptmac/Documents/07-CERN-ISS-Mg/analysis/data/iss000_run_24.gtd02_000_0107", number 3, is open
/home/ptmac/Documents/07-CERN-ISS-Mg/analysis/GEBSort/GEBMerge: input data file "/home/ptmac/Documents/07-CERN-ISS-Mg/analysis/data/iss000_run_24.gtd03_000_0109", number 4, is open
/home/ptmac/Documents/07-CERN-ISS-Mg/analysis/GEBSort/GEBMerge: input data file "/home/ptmac/Documents/07-CERN-ISS-Mg/analysis/data/iss000_run_24.gtd03_000_0110", number 5, is open
/home/ptmac/Documents/07-CERN-ISS-Mg/analysis/GEBSort/GEBMerge: input data file "/home/ptmac/Documents/07-CERN-ISS-Mg/analysis/data/iss000_run_24.gtd03_000_0111", number 6, is open
/home/ptmac/Documents/07-CERN-ISS-Mg/analysis/GEBSort/GEBMerge: input data file "/home/ptmac/Documents/07-CERN-ISS-Mg/analysis/data/iss000_run_24.gtd04_000_0113", number 7, is open
/home/ptmac/Documents/07-CERN-ISS-Mg/analysis/GEBSort/GEBMerge: input data file "/home/ptmac/Documents/07-CERN-ISS-Mg/analysis/data/iss000_run_24.gtd04_000_0114", number 8, is open
/home/ptmac/Documents/07-CERN-ISS-Mg/analysis/GEBSort/GEBMerge: input data file "/home/ptmac/Documents/07-CERN-ISS-Mg/analysis/data/iss000_run_24.gtd04_000_0115", number 9, is open
/home/ptmac/Documents/07-CERN-ISS-Mg/analysis/GEBSort/GEBMerge: output data file "/home/ptmac/Documents/07-CERN-ISS-Mg/analysis/merged_data/GEBMerged_run24.gtd_000" is open

mapping
0 0 0 /home/ptmac/Documents/07-CERN-ISS-Mg/analysis/merged_data/GEBMerged_run24.gtd_000
allocated      5008000 bytes for file pools,    or            4 MB
allocated      4517216 bytes for bigbuf events, or            4 MB
filling pool
attempting to read event... i=0 
got initial header, TS=3212523081038 for storeNo=0
read initial payload of siz=1264 into  storeNo=0
st=0
attempting to read event... i=1 
got initial header, TS=3212550621235 for storeNo=1
read initial payload of siz=464 into  storeNo=1
st=0
attempting to read event... i=2 
got initial header, TS=3212550621244 for storeNo=2
read initial payload of siz=464 into  storeNo=2
st=0
attempting to read event... i=3 
got initial header, TS=3212550621250 for storeNo=3
read initial payload of siz=464 into  storeNo=3
st=0
attempting to read event... i=4 
got initial header, TS=3212735152239 for storeNo=4
read initial payload of siz=464 into  storeNo=4
st=0
attempting to read event... i=5 
got initial header, TS=3212519724512 for storeNo=5
read initial payload of siz=464 into  storeNo=5
st=0
attempting to read event... i=6 
got initial header, TS=3212609582158 for storeNo=6
read initial payload of siz=464 into  storeNo=6
st=0
attempting to read event... i=7 
got initial header, TS=3212519724510 for storeNo=7
read initial payload of siz=464 into  storeNo=7
st=0
attempting to read event... i=8 
got initial header, TS=3213483665008 for storeNo=8
read initial payload of siz=464 into  storeNo=8
st=0
attempting to read event... i=9 
got initial header, TS=3212938695646 for storeNo=9
read initial payload of siz=464 into  storeNo=9
st=0
file   0, first TS          3212523081038;
file   1, first TS          3212550621235;
file   2, first TS          3212550621244;
file   3, first TS          3212550621250;
file   4, first TS          3212735152239;
file   5, first TS          3212519724512;
file   6, first TS          3212609582158;
file   7, first TS          3212519724510;
file   8, first TS          3213483665008;
file   9, first TS          3212938695646;
file   0, first TS          3212523081038 or 32125230.000 msec;
file   1, first TS          3212550621235 or 32125506.000 msec;
file   2, first TS          3212550621244 or 32125506.000 msec;
file   3, first TS          3212550621250 or 32125506.000 msec;
file   4, first TS          3212735152239 or 32127352.000 msec;
file   5, first TS          3212519724512 or 32125198.000 msec;
file   6, first TS          3212609582158 or 32126096.000 msec;
file   7, first TS          3212519724510 or 32125198.000 msec;
file   8, first TS          3213483665008 or 32134836.000 msec;
file   9, first TS          3212938695646 or 32129386.000 msec;

initial pool of events read (10 events)
Event[0].gd->timestamp=3212523081038
 Event[1].gd->timestamp=3212550621235
 Event[2].gd->timestamp=3212550621244
 Event[3].gd->timestamp=3212550621250
 Event[4].gd->timestamp=3212735152239
 Event[5].gd->timestamp=3212519724512
 Event[6].gd->timestamp=3212609582158
 Event[7].gd->timestamp=3212519724510
 Event[8].gd->timestamp=3213483665008
 Event[9].gd->timestamp=3212938695646
 
First TS=3212519724510, from file 7

**----------------------------------------
file   0 is     active;          1 reads ;       1280 bytes; (  0.000GB) TS=     3212523081038
file   1 is     active;          1 reads ;        480 bytes; (  0.000GB) TS=     3212550621235
file   2 is     active;          1 reads ;        480 bytes; (  0.000GB) TS=     3212550621244
file   3 is     active;          1 reads ;        480 bytes; (  0.000GB) TS=     3212550621250
file   4 is     active;          1 reads ;        480 bytes; (  0.000GB) TS=     3212735152239
file   5 is     active;          1 reads ;        480 bytes; (  0.000GB) TS=     3212519724512
file   6 is     active;          1 reads ;        480 bytes; (  0.000GB) TS=     3212609582158
file   7 is     active;          1 reads ;        480 bytes; (  0.000GB) TS=     3212519724510
file   8 is     active;          1 reads ;        480 bytes; (  0.000GB) TS=     3213483665008
file   9 is     active;          1 reads ;        480 bytes; (  0.000GB) TS=     3212938695646
current TS:            0; current event no:         0;
events written:         0; total reads=       10;
elapsed time..................: -008h-55m-25s, [t0=3212519724510, curTS=0]
Sat Oct 13 12:17:13 2018
number of open files:   10
CPU time: user     0.000 sec, system      0.000 sec, Total      0.000 sec
bigbuf fills..........=          0
time order swaps......=          0
swaps per buffer......=       -nan
bigbuf covers      0.000 ms
# bytes read...:         5600B,   0.000GB;     infMB/sec;     infGB/hour, infTB/day
# bytes written:            0B,   0.000GB;    -nanMB/sec
total IO rate:     infMB/sec or   infMbits/sec
output chunk # 0 (chunksiz=2000000000 bytes, or  1.863 GBytes)
^^----------------------------------------

GEBMerge: big buf is now completely primed with 450 events...
first fill: bigbuf[   0]->gd->timestamp-curTS=3212519724510
last  fill: bigbuf[ 449]->gd->timestamp-curTS=3213940800658
bigbuf covers 1.421076 seconds


_    1: TS=       3212519724512, dTS=         2

_    2: TS=       3212523081036, dTS=   3356524
_    3: TS=       3212523081038, dTS=         2
_    4: TS=       3212523081041, dTS=         3
_    5: TS=       3212523081041, dTS=         0

_    6: TS=       3212545062750, dTS=  21981709

_    7: TS=       3212550621235, dTS=   5558485
_    8: TS=       3212550621244, dTS=         9
_    9: TS=       3212550621250, dTS=         6

_   10: TS=       3212557707634, dTS=   7086384
_   11: TS=       3212557707634, dTS=         0
_   12: TS=       3212557707636, dTS=         2
_   13: TS=       3212557707636, dTS=         0

_   14: TS=       3212609582155, dTS=  51874519
_   15: TS=       3212609582158, dTS=         3

_   16: TS=       3212613761039, dTS=   4178881
_   17: TS=       3212613761039, dTS=         0

_   18: TS=       3212629104415, dTS=  15343376
_   19: TS=       3212629104417, dTS=         2
_   20: TS=       3212629104417, dTS=         0
_   21: TS=       3212629104418, dTS=         1
_   22: TS=       3212629104419, dTS=         1
_   23: TS=       3212629104420, dTS=         1
_   24: TS=       3212629104420, dTS=         0
_   25: TS=       3212629104421, dTS=         1

_   26: TS=       3212649863261, dTS=  20758840
_   27: TS=       3212649863262, dTS=         1

_   28: TS=       3212655086319, dTS=   5223057
_   29: TS=       3212655086320, dTS=         1

_   30: TS=       3212658822847, dTS=   3736527
_   31: TS=       3212658822852, dTS=         5

_   32: TS=       3212659039888, dTS=    217036
_   33: TS=       3212659039888, dTS=         0
_   34: TS=       3212659039890, dTS=         2
_   35: TS=       3212659039890, dTS=         0

_   36: TS=       3212660081611, dTS=   1041721
_   37: TS=       3212660081613, dTS=         2

_   38: TS=       3212679193383, dTS=  19111770
_   39: TS=       3212679193386, dTS=         3

_   40: TS=       3212719498424, dTS=  40305038
_   41: TS=       3212719498424, dTS=         0

_   42: TS=       3212720565547, dTS=   1067123
_   43: TS=       3212720565549, dTS=         2

_   44: TS=       3212725985038, dTS=   5419489
_   45: TS=       3212725985041, dTS=         3

_   46: TS=       3212729287278, dTS=   3302237
_   47: TS=       3212729287280, dTS=         2

_   48: TS=       3212731237371, dTS=   1950091
_   49: TS=       3212731237374, dTS=         3

_   50: TS=       3212732751212, dTS=   1513838
_   51: TS=       3212732751214, dTS=         2

_   52: TS=       3212735125826, dTS=   2374612

_   53: TS=       3212735152156, dTS=     26330
_   54: TS=       3212735152207, dTS=        51
_   55: TS=       3212735152239, dTS=        32
_   56: TS=       3212735152246, dTS=         7
_   57: TS=       3212735152246, dTS=         0
_   58: TS=       3212735152247, dTS=         1

_   59: TS=       3212735182514, dTS=     30267
_   60: TS=       3212735182560, dTS=        46
_   61: TS=       3212735182566, dTS=         6
_   62: TS=       3212735182589, dTS=        23
_   63: TS=       3212735182589, dTS=         0
_   64: TS=       3212735182589, dTS=         0
_   65: TS=       3212735182589, dTS=         0
_   66: TS=       3212735182598, dTS=         9
_   67: TS=       3212735182598, dTS=         0
_   68: TS=       3212735182605, dTS=         7
_   69: TS=       3212735182621, dTS=        16

_   70: TS=       3212735194760, dTS=     12139
_   71: TS=       3212735194762, dTS=         2
_   72: TS=       3212735194779, dTS=        17
_   73: TS=       3212735194779, dTS=         0
_   74: TS=       3212735194780, dTS=         1
_   75: TS=       3212735194781, dTS=         1
_   76: TS=       3212735194782, dTS=         1
_   77: TS=       3212735194785, dTS=         3
_   78: TS=       3212735194844, dTS=        59
_   79: TS=       3212735194844, dTS=         0
_   80: TS=       3212735194844, dTS=         0
_   81: TS=       3212735194860, dTS=        16
_   82: TS=       3212735194861, dTS=         1

_   83: TS=       3212735198509, dTS=      3648
_   84: TS=       3212735198510, dTS=         1
_   85: TS=       3212735198514, dTS=         4
_   86: TS=       3212735198519, dTS=         5
_   87: TS=       3212735198532, dTS=        13

_   88: TS=       3212738655594, dTS=   3457062
_   89: TS=       3212738655595, dTS=         1

_   90: TS=       3212747150397, dTS=   8494802
_   91: TS=       3212747150399, dTS=         2

_   92: TS=       3212757178429, dTS=  10028030
_   93: TS=       3212757178430, dTS=         1

_   94: TS=       3212765108766, dTS=   7930336

_   95: TS=       3212765668681, dTS=    559915
_   96: TS=       3212765668683, dTS=         2

_   97: TS=       3212766190604, dTS=    521921

_   98: TS=       3212770012931, dTS=   3822327
_   99: TS=       3212770012931, dTS=         0

_  100: TS=       3212772129981, dTS=   2117050

_  101: TS=       3212785177826, dTS=  13047845
_  102: TS=       3212785177828, dTS=         2
_  103: TS=       3212785177833, dTS=         5

_  104: TS=       3212790221779, dTS=   5043946
_  105: TS=       3212790221780, dTS=         1
_  106: TS=       3212790221797, dTS=        17

_  107: TS=       3212790818585, dTS=    596788
_  108: TS=       3212790818586, dTS=         1
_  109: TS=       3212790818593, dTS=         7

_  110: TS=       3212809594262, dTS=  18775669
_  111: TS=       3212809594263, dTS=         1

_  112: TS=       3212834940502, dTS=  25346239
_  113: TS=       3212834940504, dTS=         2

_  114: TS=       3212841146424, dTS=   6205920
_  115: TS=       3212841146428, dTS=         4
_  116: TS=       3212841146447, dTS=        19

_  117: TS=       3212861458173, dTS=  20311726
_  118: TS=       3212861458177, dTS=         4

_  119: TS=       3212863676217, dTS=   2218040
_  120: TS=       3212863676218, dTS=         1
_  121: TS=       3212863676219, dTS=         1

_  122: TS=       3212868291376, dTS=   4615157
_  123: TS=       3212868291377, dTS=         1

_  124: TS=       3212875126536, dTS=   6835159
_  125: TS=       3212875126565, dTS=        29
_  126: TS=       3212875126580, dTS=        15
_  127: TS=       3212875126626, dTS=        46
_  128: TS=       3212875126626, dTS=         0
_  129: TS=       3212875126626, dTS=         0
_  130: TS=       3212875126626, dTS=         0
_  131: TS=       3212875126716, dTS=        90
_  132: TS=       3212875126717, dTS=         1
_  133: TS=       3212875126720, dTS=         3
_  134: TS=       3212875126725, dTS=         5
_  135: TS=       3212875126732, dTS=         7
_  136: TS=       3212875126732, dTS=         0
_  137: TS=       3212875126732, dTS=         0
_  138: TS=       3212875126733, dTS=         1
_  139: TS=       3212875126741, dTS=         8

_  140: TS=       3212901326970, dTS=  26200229

_  141: TS=       3212903425438, dTS=   2098468
_  142: TS=       3212903425440, dTS=         2

_  143: TS=       3212912408973, dTS=   8983533
_  144: TS=       3212912408976, dTS=         3

_  145: TS=       3212919665846, dTS=   7256870
_  146: TS=       3212919665849, dTS=         3

_  147: TS=       3212935339708, dTS=  15673859
_  148: TS=       3212935339711, dTS=         3

_  149: TS=       3212938695646, dTS=   3355935
_  150: TS=       3212938695647, dTS=         1

_  151: TS=       3212947165156, dTS=   8469509
_  152: TS=       3212947165157, dTS=         1
_  153: TS=       3212947165160, dTS=         3
_  154: TS=       3212947165160, dTS=         0
_  155: TS=       3212947165177, dTS=        17
_  156: TS=       3212947165179, dTS=         2
_  157: TS=       3212947165180, dTS=         1

_  158: TS=       3212968865528, dTS=  21700348
_  159: TS=       3212968865530, dTS=         2

_  160: TS=       3212972169089, dTS=   3303559
_  161: TS=       3212972169091, dTS=         2

_  162: TS=       3212980183413, dTS=   8014322
_  163: TS=       3212980183414, dTS=         1

_  164: TS=       3212982201193, dTS=   2017779
_  165: TS=       3212982201198, dTS=         5
_  166: TS=       3212982201200, dTS=         2

_  167: TS=       3212996262847, dTS=  14061647
_  168: TS=       3212996262849, dTS=         2

_  169: TS=       3212999279309, dTS=   3016460
_  170: TS=       3212999279312, dTS=         3

_  171: TS=       3213000217687, dTS=    938375
_  172: TS=       3213000217688, dTS=         1
_  173: TS=       3213000217690, dTS=         2

_  174: TS=       3213020424945, dTS=  20207255
_  175: TS=       3213020424945, dTS=         0

_  176: TS=       3213023817408, dTS=   3392463
_  177: TS=       3213023817409, dTS=         1
_  178: TS=       3213023817419, dTS=        10

_  179: TS=       3213035225876, dTS=  11408457
_  180: TS=       3213035225878, dTS=         2

_  181: TS=       3213046733060, dTS=  11507182
_  182: TS=       3213046733062, dTS=         2

_  183: TS=       3213047812047, dTS=   1078985

_  184: TS=       3213053183013, dTS=   5370966

_  185: TS=       3213064467567, dTS=  11284554
_  186: TS=       3213064467569, dTS=         2
_  187: TS=       3213064467574, dTS=         5

_  188: TS=       3213071277131, dTS=   6809557
_  189: TS=       3213071277132, dTS=         1
_  190: TS=       3213071277141, dTS=         9

_  191: TS=       3213071313128, dTS=     35987
_  192: TS=       3213071313129, dTS=         1
_  193: TS=       3213071313139, dTS=        10

_  194: TS=       3213078931697, dTS=   7618558
_  195: TS=       3213078931698, dTS=         1

_  196: TS=       3213079790403, dTS=    858705
_  197: TS=       3213079790404, dTS=         1
_  198: TS=       3213079790408, dTS=         4

_  199: TS=       3213082249772, dTS=   2459364

_  200: TS=       3213091419670, dTS=   9169898
_  201: TS=       3213091419672, dTS=         2

_  202: TS=       3213097009482, dTS=   5589810
_  203: TS=       3213097009484, dTS=         2

_  204: TS=       3213111128737, dTS=  14119253

_  205: TS=       3213148665372, dTS=  37536635
_  206: TS=       3213148665373, dTS=         1

_  207: TS=       3213159199227, dTS=  10533854
_  208: TS=       3213159199231, dTS=         4
_  209: TS=       3213159199232, dTS=         1
_  210: TS=       3213159199232, dTS=         0
_  211: TS=       3213159199235, dTS=         3
_  212: TS=       3213159199235, dTS=         0
_  213: TS=       3213159199236, dTS=         1
_  214: TS=       3213159199240, dTS=         4

_  215: TS=       3213168492193, dTS=   9292953
_  216: TS=       3213168492196, dTS=         3

_  217: TS=       3213177077321, dTS=   8585125
_  218: TS=       3213177077324, dTS=         3

_  219: TS=       3213203260452, dTS=  26183128

_  220: TS=       3213216064880, dTS=  12804428
_  221: TS=       3213216064880, dTS=         0

_  222: TS=       3213240714321, dTS=  24649441
_  223: TS=       3213240714322, dTS=         1

_  224: TS=       3213251337673, dTS=  10623351
_  225: TS=       3213251337674, dTS=         1
_  226: TS=       3213251337680, dTS=         6

_  227: TS=       3213264626559, dTS=  13288879
_  228: TS=       3213264626562, dTS=         3

_  229: TS=       3213265216463, dTS=    589901
_  230: TS=       3213265216467, dTS=         4
_  231: TS=       3213265216467, dTS=         0
_  232: TS=       3213265216469, dTS=         2
_  233: TS=       3213265216469, dTS=         0
_  234: TS=       3213265216470, dTS=         1
_  235: TS=       3213265216473, dTS=         3
_  236: TS=       3213265216473, dTS=         0

_  237: TS=       3213309325495, dTS=  44109022

_  238: TS=       3213315307791, dTS=   5982296
_  239: TS=       3213315307792, dTS=         1

_  240: TS=       3213346118571, dTS=  30810779
_  241: TS=       3213346118573, dTS=         2

_  242: TS=       3213348152338, dTS=   2033765
_  243: TS=       3213348152339, dTS=         1
_  244: TS=       3213348152347, dTS=         8

_  245: TS=       3213354423649, dTS=   6271302
_  246: TS=       3213354423653, dTS=         4

_  247: TS=       3213357130106, dTS=   2706453
_  248: TS=       3213357130107, dTS=         1

_  249: TS=       3213371236221, dTS=  14106114
_  250: TS=       3213371236221, dTS=         0
_  251: TS=       3213371236222, dTS=         1
_  252: TS=       3213371236245, dTS=        23

_  253: TS=       3213371308389, dTS=     72144
_  254: TS=       3213371308397, dTS=         8

_  255: TS=       3213371308804, dTS=       407

_  256: TS=       3213371314709, dTS=      5905
_  257: TS=       3213371314728, dTS=        19
_  258: TS=       3213371314731, dTS=         3
_  259: TS=       3213371314732, dTS=         1
_  260: TS=       3213371314732, dTS=         0
_  261: TS=       3213371314733, dTS=         1

_  262: TS=       3213372173094, dTS=    858361
_  263: TS=       3213372173095, dTS=         1

_  264: TS=       3213375312325, dTS=   3139230
_  265: TS=       3213375312326, dTS=         1
_  266: TS=       3213375312327, dTS=         1

_  267: TS=       3213379119816, dTS=   3807489
_  268: TS=       3213379119817, dTS=         1

_  269: TS=       3213399022763, dTS=  19902946
_  270: TS=       3213399022765, dTS=         2

_  271: TS=       3213408692572, dTS=   9669807
_  272: TS=       3213408692576, dTS=         4

_  273: TS=       3213411626946, dTS=   2934370
_  274: TS=       3213411626949, dTS=         3

_  275: TS=       3213417328928, dTS=   5701979
_  276: TS=       3213417328928, dTS=         0
_  277: TS=       3213417328935, dTS=         7

_  278: TS=       3213418128287, dTS=    799352
_  279: TS=       3213418128294, dTS=         7

_  280: TS=       3213423222670, dTS=   5094376

_  281: TS=       3213428167779, dTS=   4945109
_  282: TS=       3213428167782, dTS=         3

_  283: TS=       3213444980722, dTS=  16812940
_  284: TS=       3213444980725, dTS=         3

_  285: TS=       3213445270380, dTS=    289655
_  286: TS=       3213445270381, dTS=         1
_  287: TS=       3213445270386, dTS=         5

_  288: TS=       3213454574719, dTS=   9304333
_  289: TS=       3213454574720, dTS=         1

_  290: TS=       3213457388499, dTS=   2813779
_  291: TS=       3213457388503, dTS=         4
_  292: TS=       3213457388507, dTS=         4

_  293: TS=       3213458682609, dTS=   1294102
_  294: TS=       3213458682610, dTS=         1

_  295: TS=       3213464283979, dTS=   5601369
_  296: TS=       3213464283982, dTS=         3

_  297: TS=       3213472007711, dTS=   7723729
_  298: TS=       3213472007713, dTS=         2

_  299: TS=       3213477255602, dTS=   5247889
_  300: TS=       3213477255603, dTS=         1
_  301: TS=       3213477255603, dTS=         0
_  302: TS=       3213477255605, dTS=         2
_  303: TS=       3213477255627, dTS=        22

_  304: TS=       3213483665006, dTS=   6409379
_  305: TS=       3213483665006, dTS=         0
_  306: TS=       3213483665008, dTS=         2
_  307: TS=       3213483665015, dTS=         7
_  308: TS=       3213483665015, dTS=         0

_  309: TS=       3213490855693, dTS=   7190678
_  310: TS=       3213490855694, dTS=         1

_  311: TS=       3213490917692, dTS=     61998
_  312: TS=       3213490917692, dTS=         0

_  313: TS=       3213493601147, dTS=   2683455
_  314: TS=       3213493601148, dTS=         1

_  315: TS=       3213500915560, dTS=   7314412
_  316: TS=       3213500915561, dTS=         1
_  317: TS=       3213500915561, dTS=         0

_  318: TS=       3213509314623, dTS=   8399062
_  319: TS=       3213509314623, dTS=         0
_  320: TS=       3213509314625, dTS=         2

_  321: TS=       3213517112352, dTS=   7797727
_  322: TS=       3213517112363, dTS=        11

_  323: TS=       3213521647688, dTS=   4535325
_  324: TS=       3213521647689, dTS=         1
_  325: TS=       3213521647689, dTS=         0

_  326: TS=       3213554699945, dTS=  33052256
_  327: TS=       3213554699947, dTS=         2

_  328: TS=       3213557499881, dTS=   2799934
_  329: TS=       3213557499882, dTS=         1
_  330: TS=       3213557499897, dTS=        15

_  331: TS=       3213560350093, dTS=   2850196
_  332: TS=       3213560350094, dTS=         1
_  333: TS=       3213560350109, dTS=        15

_  334: TS=       3213568079791, dTS=   7729682
_  335: TS=       3213568079794, dTS=         3

_  336: TS=       3213569752672, dTS=   1672878
_  337: TS=       3213569752674, dTS=         2

_  338: TS=       3213574510344, dTS=   4757670
_  339: TS=       3213574510344, dTS=         0

_  340: TS=       3213583032089, dTS=   8521745
_  341: TS=       3213583032091, dTS=         2

_  342: TS=       3213583275082, dTS=    242991
_  343: TS=       3213583275087, dTS=         5
_  344: TS=       3213583275087, dTS=         0
_  345: TS=       3213583275089, dTS=         2
_  346: TS=       3213583275089, dTS=         0
_  347: TS=       3213583275091, dTS=         2
_  348: TS=       3213583275091, dTS=         0
_  349: TS=       3213583275096, dTS=         5

_  350: TS=       3213587254236, dTS=   3979140
_  351: TS=       3213587254244, dTS=         8

_  352: TS=       3213596532247, dTS=   9278003
_  353: TS=       3213596532250, dTS=         3

_  354: TS=       3213608342681, dTS=  11810431
_  355: TS=       3213608342682, dTS=         1

_  356: TS=       3213609489507, dTS=   1146825

_  357: TS=       3213615215644, dTS=   5726137
_  358: TS=       3213615215646, dTS=         2
_  359: TS=       3213615215649, dTS=         3

_  360: TS=       3213617028824, dTS=   1813175
_  361: TS=       3213617028826, dTS=         2

_  362: TS=       3213628726401, dTS=  11697575
_  363: TS=       3213628726403, dTS=         2

_  364: TS=       3213639385711, dTS=  10659308
_  365: TS=       3213639385713, dTS=         2
_  366: TS=       3213639385719, dTS=         6

_  367: TS=       3213668011883, dTS=  28626164
_  368: TS=       3213668011885, dTS=         2

_  369: TS=       3213674979466, dTS=   6967581
_  370: TS=       3213674979469, dTS=         3

_  371: TS=       3213689294753, dTS=  14315284
_  372: TS=       3213689294753, dTS=         0
_  373: TS=       3213689294755, dTS=         2
_  374: TS=       3213689294757, dTS=         2
_  375: TS=       3213689294773, dTS=        16
_  376: TS=       3213689294775, dTS=         2
_  377: TS=       3213689294778, dTS=         3

_  378: TS=       3213700600426, dTS=  11305648
_  379: TS=       3213700600428, dTS=         2

_  380: TS=       3213719896124, dTS=  19295696
_  381: TS=       3213719896125, dTS=         1
_  382: TS=       3213719896133, dTS=         8

_  383: TS=       3213722728518, dTS=   2832385
_  384: TS=       3213722728519, dTS=         1

_  385: TS=       3213724951378, dTS=   2222859
_  386: TS=       3213724951379, dTS=         1

_  387: TS=       3213726275235, dTS=   1323856
_  388: TS=       3213726275238, dTS=         3

_  389: TS=       3213727233274, dTS=    958036
_  390: TS=       3213727233276, dTS=         2

_  391: TS=       3213729757435, dTS=   2524159
_  392: TS=       3213729757436, dTS=         1

_  393: TS=       3213732169959, dTS=   2412523
_  394: TS=       3213732169962, dTS=         3

_  395: TS=       3213746684844, dTS=  14514882
_  396: TS=       3213746684846, dTS=         2

_  397: TS=       3213752934336, dTS=   6249490
_  398: TS=       3213752934338, dTS=         2

_  399: TS=       3213756466426, dTS=   3532088
_  400: TS=       3213756466428, dTS=         2

_  401: TS=       3213774405977, dTS=  17939549
_  402: TS=       3213774405978, dTS=         1

_  403: TS=       3213778855933, dTS=   4449955
_  404: TS=       3213778855934, dTS=         1

_  405: TS=       3213780547419, dTS=   1691485
_  406: TS=       3213780547421, dTS=         2
_  407: TS=       3213780547426, dTS=         5

_  408: TS=       3213789241799, dTS=   8694373
_  409: TS=       3213789241800, dTS=         1

_  410: TS=       3213791446163, dTS=   2204363
_  411: TS=       3213791446167, dTS=         4

_  412: TS=       3213792581092, dTS=   1134925
_  413: TS=       3213792581095, dTS=         3
_  414: TS=       3213792581102, dTS=         7

_  415: TS=       3213795324508, dTS=   2743406
_  416: TS=       3213795324509, dTS=         1

_  417: TS=       3213806436905, dTS=  11112396
_  418: TS=       3213806436907, dTS=         2

_  419: TS=       3213808563108, dTS=   2126201
_  420: TS=       3213808563109, dTS=         1
_  421: TS=       3213808563109, dTS=         0

_  422: TS=       3213830054292, dTS=  21491183
_  423: TS=       3213830054292, dTS=         0
_  424: TS=       3213830054292, dTS=         0

_  425: TS=       3213831238550, dTS=   1184258
_  426: TS=       3213831238550, dTS=         0
_  427: TS=       3213831238551, dTS=         1

_  428: TS=       3213834462635, dTS=   3224084
_  429: TS=       3213834462635, dTS=         0
_  430: TS=       3213834462635, dTS=         0

_  431: TS=       3213838036078, dTS=   3573443
_  432: TS=       3213838036078, dTS=         0
_  433: TS=       3213838036079, dTS=         1

_  434: TS=       3213868191057, dTS=  30154978
_  435: TS=       3213868191059, dTS=         2

_  436: TS=       3213870376442, dTS=   2185383
_  437: TS=       3213870376444, dTS=         2

_  438: TS=       3213897730695, dTS=  27354251
_  439: TS=       3213897730697, dTS=         2

_  440: TS=       3213899622255, dTS=   1891558
_  441: TS=       3213899622265, dTS=        10
_  442: TS=       3213899622275, dTS=        10
_  443: TS=       3213899622277, dTS=         2

_  444: TS=       3213899699736, dTS=     77459

_  445: TS=       3213899736356, dTS=     36620

_  446: TS=       3213926501724, dTS=  26765368
_  447: TS=       3213926501726, dTS=         2

_  448: TS=       3213940800657, dTS=  14298931
_  449: TS=       3213940800658, dTS=         1
buf#   1, bigbuf covers 14210.762 ms;
 buf#   2, bigbuf covers 13240.331 ms;
 buf#   3, bigbuf covers 12806.239 ms;
 buf#   4, bigbuf covers 13960.411 ms;
 buf#   5, bigbuf covers 15187.023 ms;
 buf#   6, bigbuf covers 11612.031 ms;
 buf#   7, bigbuf covers 11330.172 ms;
 buf#   8, bigbuf covers 11238.908 ms;
 buf#   9, bigbuf covers    99.974 ms;
 buf#  10, bigbuf covers    50.716 ms;
 buf#  11, bigbuf covers    99.664 ms;
 buf#  12, bigbuf covers    99.781 ms;
 buf#  13, bigbuf covers    99.850 ms;
 buf#  14, bigbuf covers    50.670 ms;
 buf#  15, bigbuf covers    99.744 ms;
 buf#  16, bigbuf covers    99.759 ms;
 buf#  17, bigbuf covers    99.913 ms;
 buf#  18, bigbuf covers    50.714 ms;
 buf#  19, bigbuf covers    99.723 ms;
 buf#  20, bigbuf covers    99.738 ms;
 buf#  21, bigbuf covers    50.702 ms;
 buf#  22, bigbuf covers    99.635 ms;
 buf#  23, bigbuf covers    99.783 ms;
 buf#  24, bigbuf covers    99.764 ms;
 buf#  25, bigbuf covers    50.584 ms;
 buf#  26, bigbuf covers    99.783 ms;
 buf#  27, bigbuf covers    99.856 ms;
 buf#  28, bigbuf covers    50.659 ms;
 buf#  29, bigbuf covers   149.277 ms;
 buf#  30, bigbuf covers    50.615 ms;
 buf#  31, bigbuf covers    99.710 ms;
 buf#  32, bigbuf covers    99.844 ms;
 buf#  33, bigbuf covers    99.855 ms;
 buf#  34, bigbuf covers    50.550 ms;
 buf#  35, bigbuf covers    99.726 ms;
 buf#  36, bigbuf covers   100.051 ms;
 buf#  37, bigbuf covers    99.835 ms;
 buf#  38, bigbuf covers    99.956 ms;
 buf#  39, bigbuf covers    50.674 ms;
 buf#  40, bigbuf covers    99.729 ms;
 buf#  41, bigbuf covers    99.779 ms;
 buf#  42, bigbuf covers    50.762 ms;
 buf#  43, bigbuf covers    99.599 ms;
 buf#  44, bigbuf covers    99.734 ms;
 buf#  45, bigbuf covers    50.699 ms;
 buf#  46, bigbuf covers    99.813 ms;
 buf#  47, bigbuf covers    99.721 ms;
 buf#  48, bigbuf covers    99.982 ms;
 buf#  49, bigbuf covers    99.821 ms;
 failed to read 16 bytes for header, got 0
failed to read more data from file 1, nextTSpoolIndex=1
TS jumped back -3388299543429; file 1; TS=-1; old=3388299543428; nread=202713, njb=0; 
reject TS=-1; file 1
failed to read 16 bytes for header, got 0
failed to read more data from file 1, nextTSpoolIndex=1
TS jumped back -3388299543429; file 1; TS=-1; old=3388299543428; nread=202714, njb=1; 
reject TS=-1; file 1
failed to read 16 bytes for header, got 0
failed to read more data from file 1, nextTSpoolIndex=1
TS jumped back -3388299543429; file 1; TS=-1; old=3388299543428; nread=202715, njb=2; 
reject TS=-1; file 1
failed to read 16 bytes for header, got 0
failed to read more data from file 1, nextTSpoolIndex=1
TS jumped back -3388299543429; file 1; TS=-1; old=3388299543428; nread=202716, njb=3; 
reject TS=-1; file 1
failed to read 16 bytes for header, got 0
failed to read more data from file 1, nextTSpoolIndex=1
TS jumped back -3388299543429; file 1; TS=-1; old=3388299543428; nread=202717, njb=4; 
reject TS=-1; file 1
failed to read 16 bytes for header, got 0
failed to read more data from file 1, nextTSpoolIndex=1
TS jumped back -3388299543429; file 1; TS=-1; old=3388299543428; nread=202718, njb=5; 
reject TS=-1; file 1
failed to read 16 bytes for header, got 0
failed to read more data from file 1, nextTSpoolIndex=1
TS jumped back -3388299543429; file 1; TS=-1; old=3388299543428; nread=202719, njb=6; 
reject TS=-1; file 1
failed to read 16 bytes for header, got 0
failed to read more data from file 1, nextTSpoolIndex=1
TS jumped back -3388299543429; file 1; TS=-1; old=3388299543428; nread=202720, njb=7; 
reject TS=-1; file 1
failed to read 16 bytes for header, got 0
failed to read more data from file 1, nextTSpoolIndex=1
TS jumped back -3388299543429; file 1; TS=-1; old=3388299543428; nread=202721, njb=8; 
reject TS=-1; file 1
failed to read 16 bytes for header, got 0
failed to read more data from file 1, nextTSpoolIndex=1
reject TS=-1; file 1
failed to read 16 bytes for header, got 0
failed to read more data from file 1, nextTSpoolIndex=1
reject TS=-1; file 1
failed to read 16 bytes for header, got 0
failed to read more data from file 1, nextTSpoolIndex=1
reject TS=-1; file 1
failed to read 16 bytes for header, got 0
failed to read more data from file 1, nextTSpoolIndex=1
reject TS=-1; file 1
failed to read 16 bytes for header, got 0
failed to read more data from file 1, nextTSpoolIndex=1
reject TS=-1; file 1
failed to read 16 bytes for header, got 0
failed to read more data from file 1, nextTSpoolIndex=1
reject TS=-1; file 1
failed to read 16 bytes for header, got 0
failed to read more data from file 1, nextTSpoolIndex=1
reject TS=-1; file 1
failed to read 16 bytes for header, got 0
failed to read more data from file 1, nextTSpoolIndex=1
reject TS=-1; file 1
failed to read 16 bytes for header, got 0
failed to read more data from file 1, nextTSpoolIndex=1
reject TS=-1; file 1
failed to read 16 bytes for header, got 0
failed to read more data from file 1, nextTSpoolIndex=1
reject TS=-1; file 1
failed to read 16 bytes for header, got 0
failed to read more data from file 1, nextTSpoolIndex=1
reject TS=-1; file 1
failed to read 16 bytes for header, got 0
failed to read more data from file 1, nextTSpoolIndex=1
reject TS=-1; file 1
failed to read 16 bytes for header, got 0
failed to read more data from file 1, nextTSpoolIndex=1
reject TS=-1; file 1
failed to read 16 bytes for header, got 0
failed to read more data from file 1, nextTSpoolIndex=1
reject TS=-1; file 1
failed to read 16 bytes for header, got 0
failed to read more data from file 1, nextTSpoolIndex=1
reject TS=-1; file 1
failed to read 16 bytes for header, got 0
failed to read more data from file 1, nextTSpoolIndex=1
reject TS=-1; file 1
failed to read 16 bytes for header, got 0
failed to read more data from file 1, nextTSpoolIndex=1
reject TS=-1; file 1
failed to read 16 bytes for header, got 0
failed to read more data from file 1, nextTSpoolIndex=1
reject TS=-1; file 1
failed to read 16 bytes for header, got 0
failed to read more data from file 1, nextTSpoolIndex=1
reject TS=-1; file 1
failed to read 16 bytes for header, got 0
failed to read more data from file 1, nextTSpoolIndex=1
reject TS=-1; file 1
failed to read 16 bytes for header, got 0
failed to read more data from file 1, nextTSpoolIndex=1
reject TS=-1; file 1
failed to read 16 bytes for header, got 0
failed to read more data from file 1, nextTSpoolIndex=1
reject TS=-1; file 1
failed to read 16 bytes for header, got 0
failed to read more data from file 1, nextTSpoolIndex=1
reject TS=-1; file 1
failed to read 16 bytes for header, got 0
failed to read more data from file 1, nextTSpoolIndex=1
reject TS=-1; file 1
failed to read 16 bytes for header, got 0
failed to read more data from file 1, nextTSpoolIndex=1
reject TS=-1; file 1
failed to read 16 bytes for header, got 0
failed to read more data from file 1, nextTSpoolIndex=1
reject TS=-1; file 1
failed to read 16 bytes for header, got 0
failed to read more data from file 1, nextTSpoolIndex=1
reject TS=-1; file 1
failed to read 16 bytes for header, got 0
failed to read more data from file 1, nextTSpoolIndex=1
reject TS=-1; file 1
failed to read 16 bytes for header, got 0
failed to read more data from file 1, nextTSpoolIndex=1
reject TS=-1; file 1
failed to read 16 bytes for header, got 0
failed to read more data from file 1, nextTSpoolIndex=1
reject TS=-1; file 1
failed to read 16 bytes for header, got 0
failed to read more data from file 1, nextTSpoolIndex=1
reject TS=-1; file 1
failed to read 16 bytes for header, got 0
failed to read more data from file 1, nextTSpoolIndex=1
reject TS=-1; file 1
failed to read 16 bytes for header, got 0
failed to read more data from file 1, nextTSpoolIndex=1
reject TS=-1; file 1
failed to read 16 bytes for header, got 0
failed to read more data from file 1, nextTSpoolIndex=1
reject TS=-1; file 1
failed to read 16 bytes for header, got 0
failed to read more data from file 1, nextTSpoolIndex=1
reject TS=-1; file 1
failed to read 16 bytes for header, got 0
failed to read more data from file 1, nextTSpoolIndex=1
reject TS=-1; file 1
failed to read 16 bytes for header, got 0
failed to read more data from file 1, nextTSpoolIndex=1
reject TS=-1; file 1
failed to read 16 bytes for header, got 0
failed to read more data from file 1, nextTSpoolIndex=1
reject TS=-1; file 1
failed to read 16 bytes for header, got 0
failed to read more data from file 1, nextTSpoolIndex=1
reject TS=-1; file 1
failed to read 16 bytes for header, got 0
failed to read more data from file 1, nextTSpoolIndex=1
reject TS=-1; file 1
failed to read 16 bytes for header, got 0
failed to read more data from file 1, nextTSpoolIndex=1
reject TS=-1; file 1
failed to read 16 bytes for header, got 0
failed to read more data from file 1, nextTSpoolIndex=1
reject TS=-1; file 1
abort jump back recovery, oldFileTS 3388299543428 --> -1; DT=3388299543429
failed to read 16 bytes for header, got 0
failed to read more data from file 8, nextTSpoolIndex=8
TS jumped back -3399597643689; file 8; TS=-1; old=3399597643688; nread=209940, njb=0; 
reject TS=-1; file 8
failed to read 16 bytes for header, got 0
failed to read more data from file 8, nextTSpoolIndex=8
TS jumped back -3399597643689; file 8; TS=-1; old=3399597643688; nread=209941, njb=1; 
reject TS=-1; file 8
failed to read 16 bytes for header, got 0
failed to read more data from file 8, nextTSpoolIndex=8
TS jumped back -3399597643689; file 8; TS=-1; old=3399597643688; nread=209942, njb=2; 
reject TS=-1; file 8
failed to read 16 bytes for header, got 0
failed to read more data from file 8, nextTSpoolIndex=8
TS jumped back -3399597643689; file 8; TS=-1; old=3399597643688; nread=209943, njb=3; 
reject TS=-1; file 8
failed to read 16 bytes for header, got 0
failed to read more data from file 8, nextTSpoolIndex=8
TS jumped back -3399597643689; file 8; TS=-1; old=3399597643688; nread=209944, njb=4; 
reject TS=-1; file 8
failed to read 16 bytes for header, got 0
failed to read more data from file 8, nextTSpoolIndex=8
TS jumped back -3399597643689; file 8; TS=-1; old=3399597643688; nread=209945, njb=5; 
reject TS=-1; file 8
failed to read 16 bytes for header, got 0
failed to read more data from file 8, nextTSpoolIndex=8
TS jumped back -3399597643689; file 8; TS=-1; old=3399597643688; nread=209946, njb=6; 
reject TS=-1; file 8
failed to read 16 bytes for header, got 0
failed to read more data from file 8, nextTSpoolIndex=8
TS jumped back -3399597643689; file 8; TS=-1; old=3399597643688; nread=209947, njb=7; 
reject TS=-1; file 8
failed to read 16 bytes for header, got 0
failed to read more data from file 8, nextTSpoolIndex=8
TS jumped back -3399597643689; file 8; TS=-1; old=3399597643688; nread=209948, njb=8; 
reject TS=-1; file 8
failed to read 16 bytes for header, got 0
failed to read more data from file 8, nextTSpoolIndex=8
reject TS=-1; file 8
failed to read 16 bytes for header, got 0
failed to read more data from file 8, nextTSpoolIndex=8
reject TS=-1; file 8
failed to read 16 bytes for header, got 0
failed to read more data from file 8, nextTSpoolIndex=8
reject TS=-1; file 8
failed to read 16 bytes for header, got 0
failed to read more data from file 8, nextTSpoolIndex=8
reject TS=-1; file 8
failed to read 16 bytes for header, got 0
failed to read more data from file 8, nextTSpoolIndex=8
reject TS=-1; file 8
failed to read 16 bytes for header, got 0
failed to read more data from file 8, nextTSpoolIndex=8
reject TS=-1; file 8
failed to read 16 bytes for header, got 0
failed to read more data from file 8, nextTSpoolIndex=8
reject TS=-1; file 8
failed to read 16 bytes for header, got 0
failed to read more data from file 8, nextTSpoolIndex=8
reject TS=-1; file 8
failed to read 16 bytes for header, got 0
failed to read more data from file 8, nextTSpoolIndex=8
reject TS=-1; file 8
failed to read 16 bytes for header, got 0
failed to read more data from file 8, nextTSpoolIndex=8
reject TS=-1; file 8
failed to read 16 bytes for header, got 0
failed to read more data from file 8, nextTSpoolIndex=8
reject TS=-1; file 8
failed to read 16 bytes for header, got 0
failed to read more data from file 8, nextTSpoolIndex=8
reject TS=-1; file 8
failed to read 16 bytes for header, got 0
failed to read more data from file 8, nextTSpoolIndex=8
reject TS=-1; file 8
failed to read 16 bytes for header, got 0
failed to read more data from file 8, nextTSpoolIndex=8
reject TS=-1; file 8
failed to read 16 bytes for header, got 0
failed to read more data from file 8, nextTSpoolIndex=8
reject TS=-1; file 8
failed to read 16 bytes for header, got 0
failed to read more data from file 8, nextTSpoolIndex=8
reject TS=-1; file 8
failed to read 16 bytes for header, got 0
failed to read more data from file 8, nextTSpoolIndex=8
reject TS=-1; file 8
failed to read 16 bytes for header, got 0
failed to read more data from file 8, nextTSpoolIndex=8
reject TS=-1; file 8
failed to read 16 bytes for header, got 0
failed to read more data from file 8, nextTSpoolIndex=8
reject TS=-1; file 8
failed to read 16 bytes for header, got 0
failed to read more data from file 8, nextTSpoolIndex=8
reject TS=-1; file 8
failed to read 16 bytes for header, got 0
failed to read more data from file 8, nextTSpoolIndex=8
reject TS=-1; file 8
failed to read 16 bytes for header, got 0
failed to read more data from file 8, nextTSpoolIndex=8
reject TS=-1; file 8
failed to read 16 bytes for header, got 0
failed to read more data from file 8, nextTSpoolIndex=8
reject TS=-1; file 8
failed to read 16 bytes for header, got 0
failed to read more data from file 8, nextTSpoolIndex=8
reject TS=-1; file 8
failed to read 16 bytes for header, got 0
failed to read more data from file 8, nextTSpoolIndex=8
reject TS=-1; file 8
failed to read 16 bytes for header, got 0
failed to read more data from file 8, nextTSpoolIndex=8
reject TS=-1; file 8
failed to read 16 bytes for header, got 0
failed to read more data from file 8, nextTSpoolIndex=8
reject TS=-1; file 8
failed to read 16 bytes for header, got 0
failed to read more data from file 8, nextTSpoolIndex=8
reject TS=-1; file 8
failed to read 16 bytes for header, got 0
failed to read more data from file 8, nextTSpoolIndex=8
reject TS=-1; file 8
failed to read 16 bytes for header, got 0
failed to read more data from file 8, nextTSpoolIndex=8
reject TS=-1; file 8
failed to read 16 bytes for header, got 0
failed to read more data from file 8, nextTSpoolIndex=8
reject TS=-1; file 8
failed to read 16 bytes for header, got 0
failed to read more data from file 8, nextTSpoolIndex=8
reject TS=-1; file 8
failed to read 16 bytes for header, got 0
failed to read more data from file 8, nextTSpoolIndex=8
reject TS=-1; file 8
failed to read 16 bytes for header, got 0
failed to read more data from file 8, nextTSpoolIndex=8
reject TS=-1; file 8
failed to read 16 bytes for header, got 0
failed to read more data from file 8, nextTSpoolIndex=8
reject TS=-1; file 8
failed to read 16 bytes for header, got 0
failed to read more data from file 8, nextTSpoolIndex=8
reject TS=-1; file 8
failed to read 16 bytes for header, got 0
failed to read more data from file 8, nextTSpoolIndex=8
reject TS=-1; file 8
failed to read 16 bytes for header, got 0
failed to read more data from file 8, nextTSpoolIndex=8
reject TS=-1; file 8
failed to read 16 bytes for header, got 0
failed to read more data from file 8, nextTSpoolIndex=8
reject TS=-1; file 8
failed to read 16 bytes for header, got 0
failed to read more data from file 8, nextTSpoolIndex=8
reject TS=-1; file 8
failed to read 16 bytes for header, got 0
failed to read more data from file 8, nextTSpoolIndex=8
reject TS=-1; file 8
failed to read 16 bytes for header, got 0
failed to read more data from file 8, nextTSpoolIndex=8
reject TS=-1; file 8
abort jump back recovery, oldFileTS 3399597643688 --> -1; DT=3399597643689
failed to read 16 bytes for header, got 0
failed to read more data from file 5, nextTSpoolIndex=5
TS jumped back -3406906508852; file 5; TS=-1; old=3406906508851; nread=214458, njb=0; 
reject TS=-1; file 5
failed to read 16 bytes for header, got 0
failed to read more data from file 5, nextTSpoolIndex=5
TS jumped back -3406906508852; file 5; TS=-1; old=3406906508851; nread=214459, njb=1; 
reject TS=-1; file 5
failed to read 16 bytes for header, got 0
failed to read more data from file 5, nextTSpoolIndex=5
TS jumped back -3406906508852; file 5; TS=-1; old=3406906508851; nread=214460, njb=2; 
reject TS=-1; file 5
failed to read 16 bytes for header, got 0
failed to read more data from file 5, nextTSpoolIndex=5
TS jumped back -3406906508852; file 5; TS=-1; old=3406906508851; nread=214461, njb=3; 
reject TS=-1; file 5
failed to read 16 bytes for header, got 0
failed to read more data from file 5, nextTSpoolIndex=5
TS jumped back -3406906508852; file 5; TS=-1; old=3406906508851; nread=214462, njb=4; 
reject TS=-1; file 5
failed to read 16 bytes for header, got 0
failed to read more data from file 5, nextTSpoolIndex=5
TS jumped back -3406906508852; file 5; TS=-1; old=3406906508851; nread=214463, njb=5; 
reject TS=-1; file 5
failed to read 16 bytes for header, got 0
failed to read more data from file 5, nextTSpoolIndex=5
TS jumped back -3406906508852; file 5; TS=-1; old=3406906508851; nread=214464, njb=6; 
reject TS=-1; file 5
failed to read 16 bytes for header, got 0
failed to read more data from file 5, nextTSpoolIndex=5
TS jumped back -3406906508852; file 5; TS=-1; old=3406906508851; nread=214465, njb=7; 
reject TS=-1; file 5
failed to read 16 bytes for header, got 0
failed to read more data from file 5, nextTSpoolIndex=5
TS jumped back -3406906508852; file 5; TS=-1; old=3406906508851; nread=214466, njb=8; 
reject TS=-1; file 5
failed to read 16 bytes for header, got 0
failed to read more data from file 5, nextTSpoolIndex=5
reject TS=-1; file 5
failed to read 16 bytes for header, got 0
failed to read more data from file 5, nextTSpoolIndex=5
reject TS=-1; file 5
failed to read 16 bytes for header, got 0
failed to read more data from file 5, nextTSpoolIndex=5
reject TS=-1; file 5
failed to read 16 bytes for header, got 0
failed to read more data from file 5, nextTSpoolIndex=5
reject TS=-1; file 5
failed to read 16 bytes for header, got 0
failed to read more data from file 5, nextTSpoolIndex=5
reject TS=-1; file 5
failed to read 16 bytes for header, got 0
failed to read more data from file 5, nextTSpoolIndex=5
reject TS=-1; file 5
failed to read 16 bytes for header, got 0
failed to read more data from file 5, nextTSpoolIndex=5
reject TS=-1; file 5
failed to read 16 bytes for header, got 0
failed to read more data from file 5, nextTSpoolIndex=5
reject TS=-1; file 5
failed to read 16 bytes for header, got 0
failed to read more data from file 5, nextTSpoolIndex=5
reject TS=-1; file 5
failed to read 16 bytes for header, got 0
failed to read more data from file 5, nextTSpoolIndex=5
reject TS=-1; file 5
failed to read 16 bytes for header, got 0
failed to read more data from file 5, nextTSpoolIndex=5
reject TS=-1; file 5
failed to read 16 bytes for header, got 0
failed to read more data from file 5, nextTSpoolIndex=5
reject TS=-1; file 5
failed to read 16 bytes for header, got 0
failed to read more data from file 5, nextTSpoolIndex=5
reject TS=-1; file 5
failed to read 16 bytes for header, got 0
failed to read more data from file 5, nextTSpoolIndex=5
reject TS=-1; file 5
failed to read 16 bytes for header, got 0
failed to read more data from file 5, nextTSpoolIndex=5
reject TS=-1; file 5
failed to read 16 bytes for header, got 0
failed to read more data from file 5, nextTSpoolIndex=5
reject TS=-1; file 5
failed to read 16 bytes for header, got 0
failed to read more data from file 5, nextTSpoolIndex=5
reject TS=-1; file 5
failed to read 16 bytes for header, got 0
failed to read more data from file 5, nextTSpoolIndex=5
reject TS=-1; file 5
failed to read 16 bytes for header, got 0
failed to read more data from file 5, nextTSpoolIndex=5
reject TS=-1; file 5
failed to read 16 bytes for header, got 0
failed to read more data from file 5, nextTSpoolIndex=5
reject TS=-1; file 5
failed to read 16 bytes for header, got 0
failed to read more data from file 5, nextTSpoolIndex=5
reject TS=-1; file 5
failed to read 16 bytes for header, got 0
failed to read more data from file 5, nextTSpoolIndex=5
reject TS=-1; file 5
failed to read 16 bytes for header, got 0
failed to read more data from file 5, nextTSpoolIndex=5
reject TS=-1; file 5
failed to read 16 bytes for header, got 0
failed to read more data from file 5, nextTSpoolIndex=5
reject TS=-1; file 5
failed to read 16 bytes for header, got 0
failed to read more data from file 5, nextTSpoolIndex=5
reject TS=-1; file 5
failed to read 16 bytes for header, got 0
failed to read more data from file 5, nextTSpoolIndex=5
reject TS=-1; file 5
failed to read 16 bytes for header, got 0
failed to read more data from file 5, nextTSpoolIndex=5
reject TS=-1; file 5
failed to read 16 bytes for header, got 0
failed to read more data from file 5, nextTSpoolIndex=5
reject TS=-1; file 5
failed to read 16 bytes for header, got 0
failed to read more data from file 5, nextTSpoolIndex=5
reject TS=-1; file 5
failed to read 16 bytes for header, got 0
failed to read more data from file 5, nextTSpoolIndex=5
reject TS=-1; file 5
failed to read 16 bytes for header, got 0
failed to read more data from file 5, nextTSpoolIndex=5
reject TS=-1; file 5
failed to read 16 bytes for header, got 0
failed to read more data from file 5, nextTSpoolIndex=5
reject TS=-1; file 5
failed to read 16 bytes for header, got 0
failed to read more data from file 5, nextTSpoolIndex=5
reject TS=-1; file 5
failed to read 16 bytes for header, got 0
failed to read more data from file 5, nextTSpoolIndex=5
reject TS=-1; file 5
failed to read 16 bytes for header, got 0
failed to read more data from file 5, nextTSpoolIndex=5
reject TS=-1; file 5
failed to read 16 bytes for header, got 0
failed to read more data from file 5, nextTSpoolIndex=5
reject TS=-1; file 5
failed to read 16 bytes for header, got 0
failed to read more data from file 5, nextTSpoolIndex=5
reject TS=-1; file 5
failed to read 16 bytes for header, got 0
failed to read more data from file 5, nextTSpoolIndex=5
reject TS=-1; file 5
failed to read 16 bytes for header, got 0
failed to read more data from file 5, nextTSpoolIndex=5
reject TS=-1; file 5
failed to read 16 bytes for header, got 0
failed to read more data from file 5, nextTSpoolIndex=5
reject TS=-1; file 5
failed to read 16 bytes for header, got 0
failed to read more data from file 5, nextTSpoolIndex=5
reject TS=-1; file 5
failed to read 16 bytes for header, got 0
failed to read more data from file 5, nextTSpoolIndex=5
reject TS=-1; file 5
abort jump back recovery, oldFileTS 3406906508851 --> -1; DT=3406906508852
failed to read 16 bytes for header, got 0
failed to read more data from file 7, nextTSpoolIndex=7
TS jumped back -3416865723458; file 7; TS=-1; old=3416865723457; nread=219714, njb=0; 
reject TS=-1; file 7
failed to read 16 bytes for header, got 0
failed to read more data from file 7, nextTSpoolIndex=7
TS jumped back -3416865723458; file 7; TS=-1; old=3416865723457; nread=219715, njb=1; 
reject TS=-1; file 7
failed to read 16 bytes for header, got 0
failed to read more data from file 7, nextTSpoolIndex=7
TS jumped back -3416865723458; file 7; TS=-1; old=3416865723457; nread=219716, njb=2; 
reject TS=-1; file 7
failed to read 16 bytes for header, got 0
failed to read more data from file 7, nextTSpoolIndex=7
TS jumped back -3416865723458; file 7; TS=-1; old=3416865723457; nread=219717, njb=3; 
reject TS=-1; file 7
failed to read 16 bytes for header, got 0
failed to read more data from file 7, nextTSpoolIndex=7
TS jumped back -3416865723458; file 7; TS=-1; old=3416865723457; nread=219718, njb=4; 
reject TS=-1; file 7
failed to read 16 bytes for header, got 0
failed to read more data from file 7, nextTSpoolIndex=7
TS jumped back -3416865723458; file 7; TS=-1; old=3416865723457; nread=219719, njb=5; 
reject TS=-1; file 7
failed to read 16 bytes for header, got 0
failed to read more data from file 7, nextTSpoolIndex=7
TS jumped back -3416865723458; file 7; TS=-1; old=3416865723457; nread=219720, njb=6; 
reject TS=-1; file 7
failed to read 16 bytes for header, got 0
failed to read more data from file 7, nextTSpoolIndex=7
TS jumped back -3416865723458; file 7; TS=-1; old=3416865723457; nread=219721, njb=7; 
reject TS=-1; file 7
failed to read 16 bytes for header, got 0
failed to read more data from file 7, nextTSpoolIndex=7
TS jumped back -3416865723458; file 7; TS=-1; old=3416865723457; nread=219722, njb=8; 
reject TS=-1; file 7
failed to read 16 bytes for header, got 0
failed to read more data from file 7, nextTSpoolIndex=7
reject TS=-1; file 7
failed to read 16 bytes for header, got 0
failed to read more data from file 7, nextTSpoolIndex=7
reject TS=-1; file 7
failed to read 16 bytes for header, got 0
failed to read more data from file 7, nextTSpoolIndex=7
reject TS=-1; file 7
failed to read 16 bytes for header, got 0
failed to read more data from file 7, nextTSpoolIndex=7
reject TS=-1; file 7
failed to read 16 bytes for header, got 0
failed to read more data from file 7, nextTSpoolIndex=7
reject TS=-1; file 7
failed to read 16 bytes for header, got 0
failed to read more data from file 7, nextTSpoolIndex=7
reject TS=-1; file 7
failed to read 16 bytes for header, got 0
failed to read more data from file 7, nextTSpoolIndex=7
reject TS=-1; file 7
failed to read 16 bytes for header, got 0
failed to read more data from file 7, nextTSpoolIndex=7
reject TS=-1; file 7
failed to read 16 bytes for header, got 0
failed to read more data from file 7, nextTSpoolIndex=7
reject TS=-1; file 7
failed to read 16 bytes for header, got 0
failed to read more data from file 7, nextTSpoolIndex=7
reject TS=-1; file 7
failed to read 16 bytes for header, got 0
failed to read more data from file 7, nextTSpoolIndex=7
reject TS=-1; file 7
failed to read 16 bytes for header, got 0
failed to read more data from file 7, nextTSpoolIndex=7
reject TS=-1; file 7
failed to read 16 bytes for header, got 0
failed to read more data from file 7, nextTSpoolIndex=7
reject TS=-1; file 7
failed to read 16 bytes for header, got 0
failed to read more data from file 7, nextTSpoolIndex=7
reject TS=-1; file 7
failed to read 16 bytes for header, got 0
failed to read more data from file 7, nextTSpoolIndex=7
reject TS=-1; file 7
failed to read 16 bytes for header, got 0
failed to read more data from file 7, nextTSpoolIndex=7
reject TS=-1; file 7
failed to read 16 bytes for header, got 0
failed to read more data from file 7, nextTSpoolIndex=7
reject TS=-1; file 7
failed to read 16 bytes for header, got 0
failed to read more data from file 7, nextTSpoolIndex=7
reject TS=-1; file 7
failed to read 16 bytes for header, got 0
failed to read more data from file 7, nextTSpoolIndex=7
reject TS=-1; file 7
failed to read 16 bytes for header, got 0
failed to read more data from file 7, nextTSpoolIndex=7
reject TS=-1; file 7
failed to read 16 bytes for header, got 0
failed to read more data from file 7, nextTSpoolIndex=7
reject TS=-1; file 7
failed to read 16 bytes for header, got 0
failed to read more data from file 7, nextTSpoolIndex=7
reject TS=-1; file 7
failed to read 16 bytes for header, got 0
failed to read more data from file 7, nextTSpoolIndex=7
reject TS=-1; file 7
failed to read 16 bytes for header, got 0
failed to read more data from file 7, nextTSpoolIndex=7
reject TS=-1; file 7
failed to read 16 bytes for header, got 0
failed to read more data from file 7, nextTSpoolIndex=7
reject TS=-1; file 7
failed to read 16 bytes for header, got 0
failed to read more data from file 7, nextTSpoolIndex=7
reject TS=-1; file 7
failed to read 16 bytes for header, got 0
failed to read more data from file 7, nextTSpoolIndex=7
reject TS=-1; file 7
failed to read 16 bytes for header, got 0
failed to read more data from file 7, nextTSpoolIndex=7
reject TS=-1; file 7
failed to read 16 bytes for header, got 0
failed to read more data from file 7, nextTSpoolIndex=7
reject TS=-1; file 7
failed to read 16 bytes for header, got 0
failed to read more data from file 7, nextTSpoolIndex=7
reject TS=-1; file 7
failed to read 16 bytes for header, got 0
failed to read more data from file 7, nextTSpoolIndex=7
reject TS=-1; file 7
failed to read 16 bytes for header, got 0
failed to read more data from file 7, nextTSpoolIndex=7
reject TS=-1; file 7
failed to read 16 bytes for header, got 0
failed to read more data from file 7, nextTSpoolIndex=7
reject TS=-1; file 7
failed to read 16 bytes for header, got 0
failed to read more data from file 7, nextTSpoolIndex=7
reject TS=-1; file 7
failed to read 16 bytes for header, got 0
failed to read more data from file 7, nextTSpoolIndex=7
reject TS=-1; file 7
failed to read 16 bytes for header, got 0
failed to read more data from file 7, nextTSpoolIndex=7
reject TS=-1; file 7
failed to read 16 bytes for header, got 0
failed to read more data from file 7, nextTSpoolIndex=7
reject TS=-1; file 7
failed to read 16 bytes for header, got 0
failed to read more data from file 7, nextTSpoolIndex=7
reject TS=-1; file 7
failed to read 16 bytes for header, got 0
failed to read more data from file 7, nextTSpoolIndex=7
reject TS=-1; file 7
failed to read 16 bytes for header, got 0
failed to read more data from file 7, nextTSpoolIndex=7
reject TS=-1; file 7
failed to read 16 bytes for header, got 0
failed to read more data from file 7, nextTSpoolIndex=7
reject TS=-1; file 7
failed to read 16 bytes for header, got 0
failed to read more data from file 7, nextTSpoolIndex=7
reject TS=-1; file 7
abort jump back recovery, oldFileTS 3416865723457 --> -1; DT=3416865723458
failed to read 16 bytes for header, got 0
failed to read more data from file 3, nextTSpoolIndex=3
TS jumped back -3417420488829; file 3; TS=-1; old=3417420488828; nread=220056, njb=0; 
reject TS=-1; file 3
failed to read 16 bytes for header, got 0
failed to read more data from file 3, nextTSpoolIndex=3
TS jumped back -3417420488829; file 3; TS=-1; old=3417420488828; nread=220057, njb=1; 
reject TS=-1; file 3
failed to read 16 bytes for header, got 0
failed to read more data from file 3, nextTSpoolIndex=3
TS jumped back -3417420488829; file 3; TS=-1; old=3417420488828; nread=220058, njb=2; 
reject TS=-1; file 3
failed to read 16 bytes for header, got 0
failed to read more data from file 3, nextTSpoolIndex=3
TS jumped back -3417420488829; file 3; TS=-1; old=3417420488828; nread=220059, njb=3; 
reject TS=-1; file 3
failed to read 16 bytes for header, got 0
failed to read more data from file 3, nextTSpoolIndex=3
TS jumped back -3417420488829; file 3; TS=-1; old=3417420488828; nread=220060, njb=4; 
reject TS=-1; file 3
failed to read 16 bytes for header, got 0
failed to read more data from file 3, nextTSpoolIndex=3
TS jumped back -3417420488829; file 3; TS=-1; old=3417420488828; nread=220061, njb=5; 
reject TS=-1; file 3
failed to read 16 bytes for header, got 0
failed to read more data from file 3, nextTSpoolIndex=3
TS jumped back -3417420488829; file 3; TS=-1; old=3417420488828; nread=220062, njb=6; 
reject TS=-1; file 3
failed to read 16 bytes for header, got 0
failed to read more data from file 3, nextTSpoolIndex=3
TS jumped back -3417420488829; file 3; TS=-1; old=3417420488828; nread=220063, njb=7; 
reject TS=-1; file 3
failed to read 16 bytes for header, got 0
failed to read more data from file 3, nextTSpoolIndex=3
TS jumped back -3417420488829; file 3; TS=-1; old=3417420488828; nread=220064, njb=8; 
reject TS=-1; file 3
failed to read 16 bytes for header, got 0
failed to read more data from file 3, nextTSpoolIndex=3
reject TS=-1; file 3
failed to read 16 bytes for header, got 0
failed to read more data from file 3, nextTSpoolIndex=3
reject TS=-1; file 3
failed to read 16 bytes for header, got 0
failed to read more data from file 3, nextTSpoolIndex=3
reject TS=-1; file 3
failed to read 16 bytes for header, got 0
failed to read more data from file 3, nextTSpoolIndex=3
reject TS=-1; file 3
failed to read 16 bytes for header, got 0
failed to read more data from file 3, nextTSpoolIndex=3
reject TS=-1; file 3
failed to read 16 bytes for header, got 0
failed to read more data from file 3, nextTSpoolIndex=3
reject TS=-1; file 3
failed to read 16 bytes for header, got 0
failed to read more data from file 3, nextTSpoolIndex=3
reject TS=-1; file 3
failed to read 16 bytes for header, got 0
failed to read more data from file 3, nextTSpoolIndex=3
reject TS=-1; file 3
failed to read 16 bytes for header, got 0
failed to read more data from file 3, nextTSpoolIndex=3
reject TS=-1; file 3
failed to read 16 bytes for header, got 0
failed to read more data from file 3, nextTSpoolIndex=3
reject TS=-1; file 3
failed to read 16 bytes for header, got 0
failed to read more data from file 3, nextTSpoolIndex=3
reject TS=-1; file 3
failed to read 16 bytes for header, got 0
failed to read more data from file 3, nextTSpoolIndex=3
reject TS=-1; file 3
failed to read 16 bytes for header, got 0
failed to read more data from file 3, nextTSpoolIndex=3
reject TS=-1; file 3
failed to read 16 bytes for header, got 0
failed to read more data from file 3, nextTSpoolIndex=3
reject TS=-1; file 3
failed to read 16 bytes for header, got 0
failed to read more data from file 3, nextTSpoolIndex=3
reject TS=-1; file 3
failed to read 16 bytes for header, got 0
failed to read more data from file 3, nextTSpoolIndex=3
reject TS=-1; file 3
failed to read 16 bytes for header, got 0
failed to read more data from file 3, nextTSpoolIndex=3
reject TS=-1; file 3
failed to read 16 bytes for header, got 0
failed to read more data from file 3, nextTSpoolIndex=3
reject TS=-1; file 3
failed to read 16 bytes for header, got 0
failed to read more data from file 3, nextTSpoolIndex=3
reject TS=-1; file 3
failed to read 16 bytes for header, got 0
failed to read more data from file 3, nextTSpoolIndex=3
reject TS=-1; file 3
failed to read 16 bytes for header, got 0
failed to read more data from file 3, nextTSpoolIndex=3
reject TS=-1; file 3
failed to read 16 bytes for header, got 0
failed to read more data from file 3, nextTSpoolIndex=3
reject TS=-1; file 3
failed to read 16 bytes for header, got 0
failed to read more data from file 3, nextTSpoolIndex=3
reject TS=-1; file 3
failed to read 16 bytes for header, got 0
failed to read more data from file 3, nextTSpoolIndex=3
reject TS=-1; file 3
failed to read 16 bytes for header, got 0
failed to read more data from file 3, nextTSpoolIndex=3
reject TS=-1; file 3
failed to read 16 bytes for header, got 0
failed to read more data from file 3, nextTSpoolIndex=3
reject TS=-1; file 3
failed to read 16 bytes for header, got 0
failed to read more data from file 3, nextTSpoolIndex=3
reject TS=-1; file 3
failed to read 16 bytes for header, got 0
failed to read more data from file 3, nextTSpoolIndex=3
reject TS=-1; file 3
failed to read 16 bytes for header, got 0
failed to read more data from file 3, nextTSpoolIndex=3
reject TS=-1; file 3
failed to read 16 bytes for header, got 0
failed to read more data from file 3, nextTSpoolIndex=3
reject TS=-1; file 3
failed to read 16 bytes for header, got 0
failed to read more data from file 3, nextTSpoolIndex=3
reject TS=-1; file 3
failed to read 16 bytes for header, got 0
failed to read more data from file 3, nextTSpoolIndex=3
reject TS=-1; file 3
failed to read 16 bytes for header, got 0
failed to read more data from file 3, nextTSpoolIndex=3
reject TS=-1; file 3
failed to read 16 bytes for header, got 0
failed to read more data from file 3, nextTSpoolIndex=3
reject TS=-1; file 3
failed to read 16 bytes for header, got 0
failed to read more data from file 3, nextTSpoolIndex=3
reject TS=-1; file 3
failed to read 16 bytes for header, got 0
failed to read more data from file 3, nextTSpoolIndex=3
reject TS=-1; file 3
failed to read 16 bytes for header, got 0
failed to read more data from file 3, nextTSpoolIndex=3
reject TS=-1; file 3
failed to read 16 bytes for header, got 0
failed to read more data from file 3, nextTSpoolIndex=3
reject TS=-1; file 3
failed to read 16 bytes for header, got 0
failed to read more data from file 3, nextTSpoolIndex=3
reject TS=-1; file 3
failed to read 16 bytes for header, got 0
failed to read more data from file 3, nextTSpoolIndex=3
reject TS=-1; file 3
failed to read 16 bytes for header, got 0
failed to read more data from file 3, nextTSpoolIndex=3
reject TS=-1; file 3
failed to read 16 bytes for header, got 0
failed to read more data from file 3, nextTSpoolIndex=3
reject TS=-1; file 3
abort jump back recovery, oldFileTS 3417420488828 --> -1; DT=3417420488829
failed to read 16 bytes for header, got 0
failed to read more data from file 2, nextTSpoolIndex=2
TS jumped back -3417777046320; file 2; TS=-1; old=3417777046319; nread=220273, njb=0; 
reject TS=-1; file 2
failed to read 16 bytes for header, got 0
failed to read more data from file 2, nextTSpoolIndex=2
TS jumped back -3417777046320; file 2; TS=-1; old=3417777046319; nread=220274, njb=1; 
reject TS=-1; file 2
failed to read 16 bytes for header, got 0
failed to read more data from file 2, nextTSpoolIndex=2
TS jumped back -3417777046320; file 2; TS=-1; old=3417777046319; nread=220275, njb=2; 
reject TS=-1; file 2
failed to read 16 bytes for header, got 0
failed to read more data from file 2, nextTSpoolIndex=2
TS jumped back -3417777046320; file 2; TS=-1; old=3417777046319; nread=220276, njb=3; 
reject TS=-1; file 2
failed to read 16 bytes for header, got 0
failed to read more data from file 2, nextTSpoolIndex=2
TS jumped back -3417777046320; file 2; TS=-1; old=3417777046319; nread=220277, njb=4; 
reject TS=-1; file 2
failed to read 16 bytes for header, got 0
failed to read more data from file 2, nextTSpoolIndex=2
TS jumped back -3417777046320; file 2; TS=-1; old=3417777046319; nread=220278, njb=5; 
reject TS=-1; file 2
failed to read 16 bytes for header, got 0
failed to read more data from file 2, nextTSpoolIndex=2
TS jumped back -3417777046320; file 2; TS=-1; old=3417777046319; nread=220279, njb=6; 
reject TS=-1; file 2
failed to read 16 bytes for header, got 0
failed to read more data from file 2, nextTSpoolIndex=2
TS jumped back -3417777046320; file 2; TS=-1; old=3417777046319; nread=220280, njb=7; 
reject TS=-1; file 2
failed to read 16 bytes for header, got 0
failed to read more data from file 2, nextTSpoolIndex=2
TS jumped back -3417777046320; file 2; TS=-1; old=3417777046319; nread=220281, njb=8; 
reject TS=-1; file 2
failed to read 16 bytes for header, got 0
failed to read more data from file 2, nextTSpoolIndex=2
reject TS=-1; file 2
failed to read 16 bytes for header, got 0
failed to read more data from file 2, nextTSpoolIndex=2
reject TS=-1; file 2
failed to read 16 bytes for header, got 0
failed to read more data from file 2, nextTSpoolIndex=2
reject TS=-1; file 2
failed to read 16 bytes for header, got 0
failed to read more data from file 2, nextTSpoolIndex=2
reject TS=-1; file 2
failed to read 16 bytes for header, got 0
failed to read more data from file 2, nextTSpoolIndex=2
reject TS=-1; file 2
failed to read 16 bytes for header, got 0
failed to read more data from file 2, nextTSpoolIndex=2
reject TS=-1; file 2
failed to read 16 bytes for header, got 0
failed to read more data from file 2, nextTSpoolIndex=2
reject TS=-1; file 2
failed to read 16 bytes for header, got 0
failed to read more data from file 2, nextTSpoolIndex=2
reject TS=-1; file 2
failed to read 16 bytes for header, got 0
failed to read more data from file 2, nextTSpoolIndex=2
reject TS=-1; file 2
failed to read 16 bytes for header, got 0
failed to read more data from file 2, nextTSpoolIndex=2
reject TS=-1; file 2
failed to read 16 bytes for header, got 0
failed to read more data from file 2, nextTSpoolIndex=2
reject TS=-1; file 2
failed to read 16 bytes for header, got 0
failed to read more data from file 2, nextTSpoolIndex=2
reject TS=-1; file 2
failed to read 16 bytes for header, got 0
failed to read more data from file 2, nextTSpoolIndex=2
reject TS=-1; file 2
failed to read 16 bytes for header, got 0
failed to read more data from file 2, nextTSpoolIndex=2
reject TS=-1; file 2
failed to read 16 bytes for header, got 0
failed to read more data from file 2, nextTSpoolIndex=2
reject TS=-1; file 2
failed to read 16 bytes for header, got 0
failed to read more data from file 2, nextTSpoolIndex=2
reject TS=-1; file 2
failed to read 16 bytes for header, got 0
failed to read more data from file 2, nextTSpoolIndex=2
reject TS=-1; file 2
failed to read 16 bytes for header, got 0
failed to read more data from file 2, nextTSpoolIndex=2
reject TS=-1; file 2
failed to read 16 bytes for header, got 0
failed to read more data from file 2, nextTSpoolIndex=2
reject TS=-1; file 2
failed to read 16 bytes for header, got 0
failed to read more data from file 2, nextTSpoolIndex=2
reject TS=-1; file 2
failed to read 16 bytes for header, got 0
failed to read more data from file 2, nextTSpoolIndex=2
reject TS=-1; file 2
failed to read 16 bytes for header, got 0
failed to read more data from file 2, nextTSpoolIndex=2
reject TS=-1; file 2
failed to read 16 bytes for header, got 0
failed to read more data from file 2, nextTSpoolIndex=2
reject TS=-1; file 2
failed to read 16 bytes for header, got 0
failed to read more data from file 2, nextTSpoolIndex=2
reject TS=-1; file 2
failed to read 16 bytes for header, got 0
failed to read more data from file 2, nextTSpoolIndex=2
reject TS=-1; file 2
failed to read 16 bytes for header, got 0
failed to read more data from file 2, nextTSpoolIndex=2
reject TS=-1; file 2
failed to read 16 bytes for header, got 0
failed to read more data from file 2, nextTSpoolIndex=2
reject TS=-1; file 2
failed to read 16 bytes for header, got 0
failed to read more data from file 2, nextTSpoolIndex=2
reject TS=-1; file 2
failed to read 16 bytes for header, got 0
failed to read more data from file 2, nextTSpoolIndex=2
reject TS=-1; file 2
failed to read 16 bytes for header, got 0
failed to read more data from file 2, nextTSpoolIndex=2
reject TS=-1; file 2
failed to read 16 bytes for header, got 0
failed to read more data from file 2, nextTSpoolIndex=2
reject TS=-1; file 2
failed to read 16 bytes for header, got 0
failed to read more data from file 2, nextTSpoolIndex=2
reject TS=-1; file 2
failed to read 16 bytes for header, got 0
failed to read more data from file 2, nextTSpoolIndex=2
reject TS=-1; file 2
failed to read 16 bytes for header, got 0
failed to read more data from file 2, nextTSpoolIndex=2
reject TS=-1; file 2
failed to read 16 bytes for header, got 0
failed to read more data from file 2, nextTSpoolIndex=2
reject TS=-1; file 2
failed to read 16 bytes for header, got 0
failed to read more data from file 2, nextTSpoolIndex=2
reject TS=-1; file 2
failed to read 16 bytes for header, got 0
failed to read more data from file 2, nextTSpoolIndex=2
reject TS=-1; file 2
failed to read 16 bytes for header, got 0
failed to read more data from file 2, nextTSpoolIndex=2
reject TS=-1; file 2
failed to read 16 bytes for header, got 0
failed to read more data from file 2, nextTSpoolIndex=2
reject TS=-1; file 2
failed to read 16 bytes for header, got 0
failed to read more data from file 2, nextTSpoolIndex=2
reject TS=-1; file 2
failed to read 16 bytes for header, got 0
failed to read more data from file 2, nextTSpoolIndex=2
reject TS=-1; file 2
failed to read 16 bytes for header, got 0
failed to read more data from file 2, nextTSpoolIndex=2
reject TS=-1; file 2
abort jump back recovery, oldFileTS 3417777046319 --> -1; DT=3417777046320
failed to read 16 bytes for header, got 0
failed to read more data from file 6, nextTSpoolIndex=6
TS jumped back -3418186051968; file 6; TS=-1; old=3418186051967; nread=220490, njb=0; 
reject TS=-1; file 6
failed to read 16 bytes for header, got 0
failed to read more data from file 6, nextTSpoolIndex=6
TS jumped back -3418186051968; file 6; TS=-1; old=3418186051967; nread=220491, njb=1; 
reject TS=-1; file 6
failed to read 16 bytes for header, got 0
failed to read more data from file 6, nextTSpoolIndex=6
TS jumped back -3418186051968; file 6; TS=-1; old=3418186051967; nread=220492, njb=2; 
reject TS=-1; file 6
failed to read 16 bytes for header, got 0
failed to read more data from file 6, nextTSpoolIndex=6
TS jumped back -3418186051968; file 6; TS=-1; old=3418186051967; nread=220493, njb=3; 
reject TS=-1; file 6
failed to read 16 bytes for header, got 0
failed to read more data from file 6, nextTSpoolIndex=6
TS jumped back -3418186051968; file 6; TS=-1; old=3418186051967; nread=220494, njb=4; 
reject TS=-1; file 6
failed to read 16 bytes for header, got 0
failed to read more data from file 6, nextTSpoolIndex=6
TS jumped back -3418186051968; file 6; TS=-1; old=3418186051967; nread=220495, njb=5; 
reject TS=-1; file 6
failed to read 16 bytes for header, got 0
failed to read more data from file 6, nextTSpoolIndex=6
TS jumped back -3418186051968; file 6; TS=-1; old=3418186051967; nread=220496, njb=6; 
reject TS=-1; file 6
failed to read 16 bytes for header, got 0
failed to read more data from file 6, nextTSpoolIndex=6
TS jumped back -3418186051968; file 6; TS=-1; old=3418186051967; nread=220497, njb=7; 
reject TS=-1; file 6
failed to read 16 bytes for header, got 0
failed to read more data from file 6, nextTSpoolIndex=6
TS jumped back -3418186051968; file 6; TS=-1; old=3418186051967; nread=220498, njb=8; 
reject TS=-1; file 6
failed to read 16 bytes for header, got 0
failed to read more data from file 6, nextTSpoolIndex=6
reject TS=-1; file 6
failed to read 16 bytes for header, got 0
failed to read more data from file 6, nextTSpoolIndex=6
reject TS=-1; file 6
failed to read 16 bytes for header, got 0
failed to read more data from file 6, nextTSpoolIndex=6
reject TS=-1; file 6
failed to read 16 bytes for header, got 0
failed to read more data from file 6, nextTSpoolIndex=6
reject TS=-1; file 6
failed to read 16 bytes for header, got 0
failed to read more data from file 6, nextTSpoolIndex=6
reject TS=-1; file 6
failed to read 16 bytes for header, got 0
failed to read more data from file 6, nextTSpoolIndex=6
reject TS=-1; file 6
failed to read 16 bytes for header, got 0
failed to read more data from file 6, nextTSpoolIndex=6
reject TS=-1; file 6
failed to read 16 bytes for header, got 0
failed to read more data from file 6, nextTSpoolIndex=6
reject TS=-1; file 6
failed to read 16 bytes for header, got 0
failed to read more data from file 6, nextTSpoolIndex=6
reject TS=-1; file 6
failed to read 16 bytes for header, got 0
failed to read more data from file 6, nextTSpoolIndex=6
reject TS=-1; file 6
failed to read 16 bytes for header, got 0
failed to read more data from file 6, nextTSpoolIndex=6
reject TS=-1; file 6
failed to read 16 bytes for header, got 0
failed to read more data from file 6, nextTSpoolIndex=6
reject TS=-1; file 6
failed to read 16 bytes for header, got 0
failed to read more data from file 6, nextTSpoolIndex=6
reject TS=-1; file 6
failed to read 16 bytes for header, got 0
failed to read more data from file 6, nextTSpoolIndex=6
reject TS=-1; file 6
failed to read 16 bytes for header, got 0
failed to read more data from file 6, nextTSpoolIndex=6
reject TS=-1; file 6
failed to read 16 bytes for header, got 0
failed to read more data from file 6, nextTSpoolIndex=6
reject TS=-1; file 6
failed to read 16 bytes for header, got 0
failed to read more data from file 6, nextTSpoolIndex=6
reject TS=-1; file 6
failed to read 16 bytes for header, got 0
failed to read more data from file 6, nextTSpoolIndex=6
reject TS=-1; file 6
failed to read 16 bytes for header, got 0
failed to read more data from file 6, nextTSpoolIndex=6
reject TS=-1; file 6
failed to read 16 bytes for header, got 0
failed to read more data from file 6, nextTSpoolIndex=6
reject TS=-1; file 6
failed to read 16 bytes for header, got 0
failed to read more data from file 6, nextTSpoolIndex=6
reject TS=-1; file 6
failed to read 16 bytes for header, got 0
failed to read more data from file 6, nextTSpoolIndex=6
reject TS=-1; file 6
failed to read 16 bytes for header, got 0
failed to read more data from file 6, nextTSpoolIndex=6
reject TS=-1; file 6
failed to read 16 bytes for header, got 0
failed to read more data from file 6, nextTSpoolIndex=6
reject TS=-1; file 6
failed to read 16 bytes for header, got 0
failed to read more data from file 6, nextTSpoolIndex=6
reject TS=-1; file 6
failed to read 16 bytes for header, got 0
failed to read more data from file 6, nextTSpoolIndex=6
reject TS=-1; file 6
failed to read 16 bytes for header, got 0
failed to read more data from file 6, nextTSpoolIndex=6
reject TS=-1; file 6
failed to read 16 bytes for header, got 0
failed to read more data from file 6, nextTSpoolIndex=6
reject TS=-1; file 6
failed to read 16 bytes for header, got 0
failed to read more data from file 6, nextTSpoolIndex=6
reject TS=-1; file 6
failed to read 16 bytes for header, got 0
failed to read more data from file 6, nextTSpoolIndex=6
reject TS=-1; file 6
failed to read 16 bytes for header, got 0
failed to read more data from file 6, nextTSpoolIndex=6
reject TS=-1; file 6
failed to read 16 bytes for header, got 0
failed to read more data from file 6, nextTSpoolIndex=6
reject TS=-1; file 6
failed to read 16 bytes for header, got 0
failed to read more data from file 6, nextTSpoolIndex=6
reject TS=-1; file 6
failed to read 16 bytes for header, got 0
failed to read more data from file 6, nextTSpoolIndex=6
reject TS=-1; file 6
failed to read 16 bytes for header, got 0
failed to read more data from file 6, nextTSpoolIndex=6
reject TS=-1; file 6
failed to read 16 bytes for header, got 0
failed to read more data from file 6, nextTSpoolIndex=6
reject TS=-1; file 6
failed to read 16 bytes for header, got 0
failed to read more data from file 6, nextTSpoolIndex=6
reject TS=-1; file 6
failed to read 16 bytes for header, got 0
failed to read more data from file 6, nextTSpoolIndex=6
reject TS=-1; file 6
failed to read 16 bytes for header, got 0
failed to read more data from file 6, nextTSpoolIndex=6
reject TS=-1; file 6
failed to read 16 bytes for header, got 0
failed to read more data from file 6, nextTSpoolIndex=6
reject TS=-1; file 6
failed to read 16 bytes for header, got 0
failed to read more data from file 6, nextTSpoolIndex=6
reject TS=-1; file 6
failed to read 16 bytes for header, got 0
failed to read more data from file 6, nextTSpoolIndex=6
reject TS=-1; file 6
abort jump back recovery, oldFileTS 3418186051967 --> -1; DT=3418186051968
failed to read 16 bytes for header, got 0
failed to read more data from file 9, nextTSpoolIndex=9
TS jumped back -3420569421522; file 9; TS=-1; old=3420569421521; nread=221343, njb=0; 
reject TS=-1; file 9
failed to read 16 bytes for header, got 0
failed to read more data from file 9, nextTSpoolIndex=9
TS jumped back -3420569421522; file 9; TS=-1; old=3420569421521; nread=221344, njb=1; 
reject TS=-1; file 9
failed to read 16 bytes for header, got 0
failed to read more data from file 9, nextTSpoolIndex=9
TS jumped back -3420569421522; file 9; TS=-1; old=3420569421521; nread=221345, njb=2; 
reject TS=-1; file 9
failed to read 16 bytes for header, got 0
failed to read more data from file 9, nextTSpoolIndex=9
TS jumped back -3420569421522; file 9; TS=-1; old=3420569421521; nread=221346, njb=3; 
reject TS=-1; file 9
failed to read 16 bytes for header, got 0
failed to read more data from file 9, nextTSpoolIndex=9
TS jumped back -3420569421522; file 9; TS=-1; old=3420569421521; nread=221347, njb=4; 
reject TS=-1; file 9
failed to read 16 bytes for header, got 0
failed to read more data from file 9, nextTSpoolIndex=9
TS jumped back -3420569421522; file 9; TS=-1; old=3420569421521; nread=221348, njb=5; 
reject TS=-1; file 9
failed to read 16 bytes for header, got 0
failed to read more data from file 9, nextTSpoolIndex=9
TS jumped back -3420569421522; file 9; TS=-1; old=3420569421521; nread=221349, njb=6; 
reject TS=-1; file 9
failed to read 16 bytes for header, got 0
failed to read more data from file 9, nextTSpoolIndex=9
TS jumped back -3420569421522; file 9; TS=-1; old=3420569421521; nread=221350, njb=7; 
reject TS=-1; file 9
failed to read 16 bytes for header, got 0
failed to read more data from file 9, nextTSpoolIndex=9
TS jumped back -3420569421522; file 9; TS=-1; old=3420569421521; nread=221351, njb=8; 
reject TS=-1; file 9
failed to read 16 bytes for header, got 0
failed to read more data from file 9, nextTSpoolIndex=9
reject TS=-1; file 9
failed to read 16 bytes for header, got 0
failed to read more data from file 9, nextTSpoolIndex=9
reject TS=-1; file 9
failed to read 16 bytes for header, got 0
failed to read more data from file 9, nextTSpoolIndex=9
reject TS=-1; file 9
failed to read 16 bytes for header, got 0
failed to read more data from file 9, nextTSpoolIndex=9
reject TS=-1; file 9
failed to read 16 bytes for header, got 0
failed to read more data from file 9, nextTSpoolIndex=9
reject TS=-1; file 9
failed to read 16 bytes for header, got 0
failed to read more data from file 9, nextTSpoolIndex=9
reject TS=-1; file 9
failed to read 16 bytes for header, got 0
failed to read more data from file 9, nextTSpoolIndex=9
reject TS=-1; file 9
failed to read 16 bytes for header, got 0
failed to read more data from file 9, nextTSpoolIndex=9
reject TS=-1; file 9
failed to read 16 bytes for header, got 0
failed to read more data from file 9, nextTSpoolIndex=9
reject TS=-1; file 9
failed to read 16 bytes for header, got 0
failed to read more data from file 9, nextTSpoolIndex=9
reject TS=-1; file 9
failed to read 16 bytes for header, got 0
failed to read more data from file 9, nextTSpoolIndex=9
reject TS=-1; file 9
failed to read 16 bytes for header, got 0
failed to read more data from file 9, nextTSpoolIndex=9
reject TS=-1; file 9
failed to read 16 bytes for header, got 0
failed to read more data from file 9, nextTSpoolIndex=9
reject TS=-1; file 9
failed to read 16 bytes for header, got 0
failed to read more data from file 9, nextTSpoolIndex=9
reject TS=-1; file 9
failed to read 16 bytes for header, got 0
failed to read more data from file 9, nextTSpoolIndex=9
reject TS=-1; file 9
failed to read 16 bytes for header, got 0
failed to read more data from file 9, nextTSpoolIndex=9
reject TS=-1; file 9
failed to read 16 bytes for header, got 0
failed to read more data from file 9, nextTSpoolIndex=9
reject TS=-1; file 9
failed to read 16 bytes for header, got 0
failed to read more data from file 9, nextTSpoolIndex=9
reject TS=-1; file 9
failed to read 16 bytes for header, got 0
failed to read more data from file 9, nextTSpoolIndex=9
reject TS=-1; file 9
failed to read 16 bytes for header, got 0
failed to read more data from file 9, nextTSpoolIndex=9
reject TS=-1; file 9
failed to read 16 bytes for header, got 0
failed to read more data from file 9, nextTSpoolIndex=9
reject TS=-1; file 9
failed to read 16 bytes for header, got 0
failed to read more data from file 9, nextTSpoolIndex=9
reject TS=-1; file 9
failed to read 16 bytes for header, got 0
failed to read more data from file 9, nextTSpoolIndex=9
reject TS=-1; file 9
failed to read 16 bytes for header, got 0
failed to read more data from file 9, nextTSpoolIndex=9
reject TS=-1; file 9
failed to read 16 bytes for header, got 0
failed to read more data from file 9, nextTSpoolIndex=9
reject TS=-1; file 9
failed to read 16 bytes for header, got 0
failed to read more data from file 9, nextTSpoolIndex=9
reject TS=-1; file 9
failed to read 16 bytes for header, got 0
failed to read more data from file 9, nextTSpoolIndex=9
reject TS=-1; file 9
failed to read 16 bytes for header, got 0
failed to read more data from file 9, nextTSpoolIndex=9
reject TS=-1; file 9
failed to read 16 bytes for header, got 0
failed to read more data from file 9, nextTSpoolIndex=9
reject TS=-1; file 9
failed to read 16 bytes for header, got 0
failed to read more data from file 9, nextTSpoolIndex=9
reject TS=-1; file 9
failed to read 16 bytes for header, got 0
failed to read more data from file 9, nextTSpoolIndex=9
reject TS=-1; file 9
failed to read 16 bytes for header, got 0
failed to read more data from file 9, nextTSpoolIndex=9
reject TS=-1; file 9
failed to read 16 bytes for header, got 0
failed to read more data from file 9, nextTSpoolIndex=9
reject TS=-1; file 9
failed to read 16 bytes for header, got 0
failed to read more data from file 9, nextTSpoolIndex=9
reject TS=-1; file 9
failed to read 16 bytes for header, got 0
failed to read more data from file 9, nextTSpoolIndex=9
reject TS=-1; file 9
failed to read 16 bytes for header, got 0
failed to read more data from file 9, nextTSpoolIndex=9
reject TS=-1; file 9
failed to read 16 bytes for header, got 0
failed to read more data from file 9, nextTSpoolIndex=9
reject TS=-1; file 9
failed to read 16 bytes for header, got 0
failed to read more data from file 9, nextTSpoolIndex=9
reject TS=-1; file 9
failed to read 16 bytes for header, got 0
failed to read more data from file 9, nextTSpoolIndex=9
reject TS=-1; file 9
failed to read 16 bytes for header, got 0
failed to read more data from file 9, nextTSpoolIndex=9
reject TS=-1; file 9
failed to read 16 bytes for header, got 0
failed to read more data from file 9, nextTSpoolIndex=9
reject TS=-1; file 9
failed to read 16 bytes for header, got 0
failed to read more data from file 9, nextTSpoolIndex=9
reject TS=-1; file 9
abort jump back recovery, oldFileTS 3420569421521 --> -1; DT=3420569421522
failed to read 16 bytes for header, got 0
failed to read more data from file 0, nextTSpoolIndex=0
TS jumped back -3420914406410; file 0; TS=-1; old=3420914406409; nread=221472, njb=0; 
reject TS=-1; file 0
failed to read 16 bytes for header, got 0
failed to read more data from file 0, nextTSpoolIndex=0
TS jumped back -3420914406410; file 0; TS=-1; old=3420914406409; nread=221473, njb=1; 
reject TS=-1; file 0
failed to read 16 bytes for header, got 0
failed to read more data from file 0, nextTSpoolIndex=0
TS jumped back -3420914406410; file 0; TS=-1; old=3420914406409; nread=221474, njb=2; 
reject TS=-1; file 0
failed to read 16 bytes for header, got 0
failed to read more data from file 0, nextTSpoolIndex=0
TS jumped back -3420914406410; file 0; TS=-1; old=3420914406409; nread=221475, njb=3; 
reject TS=-1; file 0
failed to read 16 bytes for header, got 0
failed to read more data from file 0, nextTSpoolIndex=0
TS jumped back -3420914406410; file 0; TS=-1; old=3420914406409; nread=221476, njb=4; 
reject TS=-1; file 0
failed to read 16 bytes for header, got 0
failed to read more data from file 0, nextTSpoolIndex=0
TS jumped back -3420914406410; file 0; TS=-1; old=3420914406409; nread=221477, njb=5; 
reject TS=-1; file 0
failed to read 16 bytes for header, got 0
failed to read more data from file 0, nextTSpoolIndex=0
TS jumped back -3420914406410; file 0; TS=-1; old=3420914406409; nread=221478, njb=6; 
reject TS=-1; file 0
failed to read 16 bytes for header, got 0
failed to read more data from file 0, nextTSpoolIndex=0
TS jumped back -3420914406410; file 0; TS=-1; old=3420914406409; nread=221479, njb=7; 
reject TS=-1; file 0
failed to read 16 bytes for header, got 0
failed to read more data from file 0, nextTSpoolIndex=0
TS jumped back -3420914406410; file 0; TS=-1; old=3420914406409; nread=221480, njb=8; 
reject TS=-1; file 0
failed to read 16 bytes for header, got 0
failed to read more data from file 0, nextTSpoolIndex=0
reject TS=-1; file 0
failed to read 16 bytes for header, got 0
failed to read more data from file 0, nextTSpoolIndex=0
reject TS=-1; file 0
failed to read 16 bytes for header, got 0
failed to read more data from file 0, nextTSpoolIndex=0
reject TS=-1; file 0
failed to read 16 bytes for header, got 0
failed to read more data from file 0, nextTSpoolIndex=0
reject TS=-1; file 0
failed to read 16 bytes for header, got 0
failed to read more data from file 0, nextTSpoolIndex=0
reject TS=-1; file 0
failed to read 16 bytes for header, got 0
failed to read more data from file 0, nextTSpoolIndex=0
reject TS=-1; file 0
failed to read 16 bytes for header, got 0
failed to read more data from file 0, nextTSpoolIndex=0
reject TS=-1; file 0
failed to read 16 bytes for header, got 0
failed to read more data from file 0, nextTSpoolIndex=0
reject TS=-1; file 0
failed to read 16 bytes for header, got 0
failed to read more data from file 0, nextTSpoolIndex=0
reject TS=-1; file 0
failed to read 16 bytes for header, got 0
failed to read more data from file 0, nextTSpoolIndex=0
reject TS=-1; file 0
failed to read 16 bytes for header, got 0
failed to read more data from file 0, nextTSpoolIndex=0
reject TS=-1; file 0
failed to read 16 bytes for header, got 0
failed to read more data from file 0, nextTSpoolIndex=0
reject TS=-1; file 0
failed to read 16 bytes for header, got 0
failed to read more data from file 0, nextTSpoolIndex=0
reject TS=-1; file 0
failed to read 16 bytes for header, got 0
failed to read more data from file 0, nextTSpoolIndex=0
reject TS=-1; file 0
failed to read 16 bytes for header, got 0
failed to read more data from file 0, nextTSpoolIndex=0
reject TS=-1; file 0
failed to read 16 bytes for header, got 0
failed to read more data from file 0, nextTSpoolIndex=0
reject TS=-1; file 0
failed to read 16 bytes for header, got 0
failed to read more data from file 0, nextTSpoolIndex=0
reject TS=-1; file 0
failed to read 16 bytes for header, got 0
failed to read more data from file 0, nextTSpoolIndex=0
reject TS=-1; file 0
failed to read 16 bytes for header, got 0
failed to read more data from file 0, nextTSpoolIndex=0
reject TS=-1; file 0
failed to read 16 bytes for header, got 0
failed to read more data from file 0, nextTSpoolIndex=0
reject TS=-1; file 0
failed to read 16 bytes for header, got 0
failed to read more data from file 0, nextTSpoolIndex=0
reject TS=-1; file 0
failed to read 16 bytes for header, got 0
failed to read more data from file 0, nextTSpoolIndex=0
reject TS=-1; file 0
failed to read 16 bytes for header, got 0
failed to read more data from file 0, nextTSpoolIndex=0
reject TS=-1; file 0
failed to read 16 bytes for header, got 0
failed to read more data from file 0, nextTSpoolIndex=0
reject TS=-1; file 0
failed to read 16 bytes for header, got 0
failed to read more data from file 0, nextTSpoolIndex=0
reject TS=-1; file 0
failed to read 16 bytes for header, got 0
failed to read more data from file 0, nextTSpoolIndex=0
reject TS=-1; file 0
failed to read 16 bytes for header, got 0
failed to read more data from file 0, nextTSpoolIndex=0
reject TS=-1; file 0
failed to read 16 bytes for header, got 0
failed to read more data from file 0, nextTSpoolIndex=0
reject TS=-1; file 0
failed to read 16 bytes for header, got 0
failed to read more data from file 0, nextTSpoolIndex=0
reject TS=-1; file 0
failed to read 16 bytes for header, got 0
failed to read more data from file 0, nextTSpoolIndex=0
reject TS=-1; file 0
failed to read 16 bytes for header, got 0
failed to read more data from file 0, nextTSpoolIndex=0
reject TS=-1; file 0
failed to read 16 bytes for header, got 0
failed to read more data from file 0, nextTSpoolIndex=0
reject TS=-1; file 0
failed to read 16 bytes for header, got 0
failed to read more data from file 0, nextTSpoolIndex=0
reject TS=-1; file 0
failed to read 16 bytes for header, got 0
failed to read more data from file 0, nextTSpoolIndex=0
reject TS=-1; file 0
failed to read 16 bytes for header, got 0
failed to read more data from file 0, nextTSpoolIndex=0
reject TS=-1; file 0
failed to read 16 bytes for header, got 0
failed to read more data from file 0, nextTSpoolIndex=0
reject TS=-1; file 0
failed to read 16 bytes for header, got 0
failed to read more data from file 0, nextTSpoolIndex=0
reject TS=-1; file 0
failed to read 16 bytes for header, got 0
failed to read more data from file 0, nextTSpoolIndex=0
reject TS=-1; file 0
failed to read 16 bytes for header, got 0
failed to read more data from file 0, nextTSpoolIndex=0
reject TS=-1; file 0
failed to read 16 bytes for header, got 0
failed to read more data from file 0, nextTSpoolIndex=0
reject TS=-1; file 0
failed to read 16 bytes for header, got 0
failed to read more data from file 0, nextTSpoolIndex=0
reject TS=-1; file 0
failed to read 16 bytes for header, got 0
failed to read more data from file 0, nextTSpoolIndex=0
reject TS=-1; file 0
abort jump back recovery, oldFileTS 3420914406409 --> -1; DT=3420914406410
failed to read 16 bytes for header, got 0
failed to read more data from file 4, nextTSpoolIndex=4
no more data to be read
closed all files


hit statistics hit/Compton-suppress fraction


**----------------------------------------
file   0 is NOT active;     142650 reads ;  182592020 bytes; (  0.170GB)  -- completed
file   1 is NOT active;       4482 reads ;    2151368 bytes; (  0.002GB)  -- completed
file   2 is NOT active;       3361 reads ;    1613284 bytes; (  0.002GB)  -- completed
file   3 is NOT active;       4482 reads ;    2151368 bytes; (  0.002GB)  -- completed
file   4 is NOT active;       3361 reads ;    1613284 bytes; (  0.002GB)  -- completed
file   5 is NOT active;      14564 reads ;    6990736 bytes; (  0.007GB)  -- completed
file   6 is NOT active;      19045 reads ;    9141620 bytes; (  0.009GB)  -- completed
file   7 is NOT active;      17925 reads ;    8604020 bytes; (  0.008GB)  -- completed
file   8 is NOT active;       5602 reads ;    2688968 bytes; (  0.003GB)  -- completed
file   9 is NOT active;       5602 reads ;    2688968 bytes; (  0.003GB)  -- completed
current TS: 3421079385061; current event no:    220950;
events written:    220950; total reads=   221074;
elapsed time..................: 000h34m45s, [t0=3212519724510, curTS=3421079385061]
Sat Oct 13 12:17:18 2018
number of open files:    0
CPU time: user     0.320 sec, system      0.320 sec, Total      0.640 sec
bigbuf fills..........=        491
time order swaps......=     109152
swaps per buffer......=     222.31
bigbuf covers      0.000 ms
# bytes read...:    220235636B,   0.205GB; 328.177MB/sec; 1181.436GB/hour, 28.4TB/day
# bytes written:    220091316B,   0.205GB; 327.962MB/sec
total IO rate: 656.138MB/sec or  5249Mbits/sec
output chunk # 0 (chunksiz=2000000000 bytes, or  1.863 GBytes)
^^----------------------------------------


used big buf of size     0.000 GBytes


wrote 220950 events to::
/home/ptmac/Documents/07-CERN-ISS-Mg/analysis/merged_data/GEBMerged_run24.gtd_000: data
-rwxrwxrwx 1 ptmac ptmac 220091316 Oct 13 12:17 /home/ptmac/Documents/07-CERN-ISS-Mg/analysis/merged_data/GEBMerged_run24.gtd_000


Boniva Sancta ;-) >> GEBMerge3 did not crash << !!



