chat file: </home/helios/experiments/iss000/analysis/working/GEBMerge.chat> open

will echo command lines
chat->
chat->#---------------------------------------
chat-># max coincidence events to create, listing etc
chat->
chat->maxNoEvents 2000000000
chat->TSlistelen 50  1 20
chat->#           |  | +-- last bigbuf
chat->#           |  +-- first bigbuf
chat->#           +-- max TS to write per file
chat->
chat->nprint 1
will print information for first 1 events
chat->
chat->#---------------------------------------
chat-># output chunk size
chat->
chat->chunksiz 2000000000
chat->
chat->#---------------------------------------
chat-># bigbuf size and wosize
chat->#    +--- big size makes program slow;
chat->#         but it may be necessary sometimes
chat->
chat->bigbufsize 450
sizeof(EVENT)= 8
will use a bigbuffer size of 450, or   0.005 MBytes
chat->wosize     100
will use a bigbuffer wosize of 450
chat->#  |
chat->#  +--- in percent of bigbufsize
chat->#       written out per buffer
chat->
chat->#---------------------------------------
chat-># how often should we write 
chat-># statistics to output
chat->
chat->reportinterval 1000
chat->
chat->#---------------------------------------
chat-># TS jump recovery trigger limits
chat-># (if timestamps jumps outside these
chat->#  limits GTMerge will read forward to 
chat->#  try and recover, 0.1 to 1 sec seems to works)
chat->#  100000000 ==  1 sec
chat->#  100000    ==  1 ms
chat->#  100       ==  1 us
chat->#  1         == 10 ns
chat->
chat->dts_min  -10000000000
control.dts_min=-10000000000
chat->dts_max   10000000000
control.dts_max=10000000000
chat->
chat->dtsfabort 50
chat->dtsbabort 50
chat->#         |
chat->#         +----- abort recovery and accept TS
chat->#                after this many tries in a row
chat->
chat->#---------------------------------------
chat-># enable to zzip output data file
chat-># does not work at the moment
chat->
chat->;zzipout
chat->
/home/helios/experiments/iss000/analysis/GEBSort/GEBMerge: will produce a max of 2000000000 events
/home/helios/experiments/iss000/analysis/GEBSort/GEBMerge: will write combined data to file "/home/helios/experiments/iss000/analysis/merged_data/GEBMerged_run500.gtd"
/home/helios/experiments/iss000/analysis/GEBSort/GEBMerge: we have 2 datafiles to combine
/home/helios/experiments/iss000/analysis/GEBSort/GEBMerge: will keep a pool of 2 events to combine from 
/home/helios/experiments/iss000/analysis/GEBSort/GEBMerge: input data file "/home/helios/experiments/iss000/analysis/data/iss000_run_500.gtd01_000_0101", number 0, is open
/home/helios/experiments/iss000/analysis/GEBSort/GEBMerge: input data file "/home/helios/experiments/iss000/analysis/data/iss000_run_500.gtd01_000_0102", number 1, is open
/home/helios/experiments/iss000/analysis/GEBSort/GEBMerge: output data file "/home/helios/experiments/iss000/analysis/merged_data/GEBMerged_run500.gtd_000" is open

mapping
6392412 166252864 1 /home/helios/experiments/iss000/analysis/merged_data/GEBMerged_run500.gtd_000
allocated      5008000 bytes for file pools,    or            4 MB
allocated      4517216 bytes for bigbuf events, or            4 MB
filling pool
attempting to read event... i=0 
got initial header, TS=133571852288 for storeNo=0
read initial payload of siz=864 into  storeNo=0
st=0
attempting to read event... i=1 
got initial header, TS=133619798008 for storeNo=1
read initial payload of siz=864 into  storeNo=1
st=0
file   0, first TS           133571852288;
file   1, first TS           133619798008;
file   0, first TS           133571852288 or 1335718.500 msec;
file   1, first TS           133619798008 or 1336198.000 msec;

initial pool of events read (2 events)
Event[0].gd->timestamp=133571852288
 Event[1].gd->timestamp=133619798008
 
First TS=133571852288, from file 0

**----------------------------------------
file   0 is     active;          1 reads ;        880 bytes; (  0.000GB) TS=      133571852288
file   1 is     active;          1 reads ;        880 bytes; (  0.000GB) TS=      133619798008
current TS:            0; current event no:         0;
events written:         0; total reads=        2;
elapsed time..................: 000h-22m-15s, [t0=133571852288, curTS=0]
Thu Oct  4 10:18:51 2018
number of open files:    2
CPU time: user     0.000 sec, system      0.000 sec, Total      0.000 sec
bigbuf fills..........=          0
time order swaps......=          0
swaps per buffer......=       -nan
bigbuf covers      0.000 ms
# bytes read...:         1760B,   0.000GB;     infMB/sec;     infGB/hour, infTB/day
# bytes written:            0B,   0.000GB;    -nanMB/sec
total IO rate:     infMB/sec or   infMbits/sec
output chunk # 0 (chunksiz=2000000000 bytes, or  1.863 GBytes)
^^----------------------------------------


got initial header, TS=133576852263 for storeNo=0
read initial payload of siz=864 into  storeNo=0

got initial header, TS=133576852263 for storeNo=0
read initial payload of siz=864 into  storeNo=0

got initial header, TS=133576922520 for storeNo=0
read initial payload of siz=864 into  storeNo=0

got initial header, TS=133581852238 for storeNo=0
read initial payload of siz=864 into  storeNo=0

got initial header, TS=133586852214 for storeNo=0
read initial payload of siz=864 into  storeNo=0

got initial header, TS=133591852189 for storeNo=0
read initial payload of siz=864 into  storeNo=0

got initial header, TS=133596852164 for storeNo=0
read initial payload of siz=864 into  storeNo=0

got initial header, TS=133601852139 for storeNo=0
read initial payload of siz=864 into  storeNo=0
GEBMerge: big buf is now completely primed with 450 events...
first fill: bigbuf[   0]->gd->timestamp-curTS=133571852288
last  fill: bigbuf[ 449]->gd->timestamp-curTS=134896845696
bigbuf covers 1.324993 seconds



_    1: TS=        133576852263, dTS=   4999975
_    2: TS=        133576852263, dTS=         0

_    3: TS=        133576922520, dTS=     70257

_    4: TS=        133581852238, dTS=   4929718

_    5: TS=        133586852214, dTS=   4999976

_    6: TS=        133591852189, dTS=   4999975

_    7: TS=        133596852164, dTS=   4999975

_    8: TS=        133601852139, dTS=   4999975

_    9: TS=        133606852114, dTS=   4999975

_   10: TS=        133608117507, dTS=   1265393

_   11: TS=        133611852089, dTS=   3734582

_   12: TS=        133616852064, dTS=   4999975

_   13: TS=        133619798008, dTS=   2945944
_   14: TS=        133619798013, dTS=         5

_   15: TS=        133621852039, dTS=   2054026

_   16: TS=        133626852014, dTS=   4999975

_   17: TS=        133631851990, dTS=   4999976

_   18: TS=        133635827492, dTS=   3975502

_   19: TS=        133636851965, dTS=   1024473

_   20: TS=        133637228253, dTS=    376288
_   21: TS=        133637228253, dTS=         0
_   22: TS=        133637228258, dTS=         5

_   23: TS=        133641851940, dTS=   4623682

_   24: TS=        133643357482, dTS=   1505542

_   25: TS=        133646851915, dTS=   3494433

_   26: TS=        133649132477, dTS=   2280562

_   27: TS=        133651851890, dTS=   2719413

_   28: TS=        133654352486, dTS=   2500596

_   29: TS=        133656851865, dTS=   2499379

_   30: TS=        133658576611, dTS=   1724746
_   31: TS=        133658576616, dTS=         5

_   32: TS=        133661851840, dTS=   3275224

_   33: TS=        133666851816, dTS=   4999976

_   34: TS=        133667397477, dTS=    545661
_   35: TS=        133667397481, dTS=         4

_   36: TS=        133667712481, dTS=    315000

_   37: TS=        133667757481, dTS=     45000

_   38: TS=        133668212498, dTS=    455017

_   39: TS=        133671851791, dTS=   3639293

_   40: TS=        133676851766, dTS=   4999975

_   41: TS=        133679513865, dTS=   2662099
_   42: TS=        133679513870, dTS=         5

_   43: TS=        133681851741, dTS=   2337871

_   44: TS=        133682272499, dTS=    420758

_   45: TS=        133684124828, dTS=   1852329
_   46: TS=        133684124833, dTS=         5

_   47: TS=        133685143481, dTS=   1018648
_   48: TS=        133685143486, dTS=         5

_   49: TS=        133686851716, dTS=   1708230

_   50: TS=        133691851691, dTS=   4999975

_   51: TS=        133696851667, dTS=   4999976

_   52: TS=        133701851642, dTS=   4999975

_   53: TS=        133706851617, dTS=   4999975

_   54: TS=        133711851592, dTS=   4999975

_   55: TS=        133716851567, dTS=   4999975

_   56: TS=        133721851542, dTS=   4999975

_   57: TS=        133726851517, dTS=   4999975

_   58: TS=        133727602473, dTS=    750956

_   59: TS=        133731851493, dTS=   4249020

_   60: TS=        133734602471, dTS=   2750978

_   61: TS=        133736851468, dTS=   2248997

_   62: TS=        133741851443, dTS=   4999975

_   63: TS=        133746851418, dTS=   4999975

_   64: TS=        133749615604, dTS=   2764186
_   65: TS=        133749615609, dTS=         5

_   66: TS=        133751851393, dTS=   2235784

_   67: TS=        133756851368, dTS=   4999975

_   68: TS=        133758005152, dTS=   1153784
_   69: TS=        133758005157, dTS=         5

_   70: TS=        133760832483, dTS=   2827326
_   71: TS=        133760832488, dTS=         5

_   72: TS=        133761851343, dTS=   1018855

_   73: TS=        133764458736, dTS=   2607393
_   74: TS=        133764458741, dTS=         5

_   75: TS=        133766851318, dTS=   2392577

_   76: TS=        133771431073, dTS=   4579755
_   77: TS=        133771431078, dTS=         5

_   78: TS=        133771851294, dTS=    420216

_   79: TS=        133772767602, dTS=    916308
_   80: TS=        133772767607, dTS=         5

_   81: TS=        133776492427, dTS=   3724820

_   82: TS=        133776692426, dTS=    199999

_   83: TS=        133776851269, dTS=    158843

_   84: TS=        133781851244, dTS=   4999975

_   85: TS=        133783081212, dTS=   1229968
_   86: TS=        133783081217, dTS=         5

_   87: TS=        133783422423, dTS=    341206

_   88: TS=        133786851219, dTS=   3428796

_   89: TS=        133789452406, dTS=   2601187

_   90: TS=        133790177723, dTS=    725317
_   91: TS=        133790177728, dTS=         5

_   92: TS=        133791851194, dTS=   1673466

_   93: TS=        133796482406, dTS=   4631212

_   94: TS=        133796851169, dTS=    368763

_   95: TS=        133801851144, dTS=   4999975

_   96: TS=        133806851119, dTS=   4999975

_   97: TS=        133808742416, dTS=   1891297

_   98: TS=        133811851095, dTS=   3108679

_   99: TS=        133816851070, dTS=   4999975

_  100: TS=        133821847381, dTS=   4996311

_  101: TS=        133821851045, dTS=      3664

_  102: TS=        133822802387, dTS=    951342

_  103: TS=        133826851020, dTS=   4048633

_  104: TS=        133831850995, dTS=   4999975

_  105: TS=        133836850970, dTS=   4999975

_  106: TS=        133841850945, dTS=   4999975

_  107: TS=        133842143540, dTS=    292595
_  108: TS=        133842143545, dTS=         5

_  109: TS=        133846850921, dTS=   4707376

_  110: TS=        133848722366, dTS=   1871445

_  111: TS=        133851850896, dTS=   3128530

_  112: TS=        133856850871, dTS=   4999975

_  113: TS=        133860537363, dTS=   3686492

_  114: TS=        133860882387, dTS=    345024

_  115: TS=        133861850846, dTS=    968459

_  116: TS=        133866850821, dTS=   4999975

_  117: TS=        133871850796, dTS=   4999975

_  118: TS=        133875242374, dTS=   3391578

_  119: TS=        133876850771, dTS=   1608397

_  120: TS=        133881850746, dTS=   4999975

_  121: TS=        133886850722, dTS=   4999976

_  122: TS=        133890001350, dTS=   3150628
_  123: TS=        133890001354, dTS=         4

_  124: TS=        133891850697, dTS=   1849343

_  125: TS=        133896850672, dTS=   4999975

_  126: TS=        133898896306, dTS=   2045634
_  127: TS=        133898896311, dTS=         5

_  128: TS=        133901850647, dTS=   2954336

_  129: TS=        133906850622, dTS=   4999975

_  130: TS=        133911850597, dTS=   4999975

_  131: TS=        133914112326, dTS=   2261729

_  132: TS=        133916850572, dTS=   2738246

_  133: TS=        133921850547, dTS=   4999975

_  134: TS=        133926850522, dTS=   4999975

_  135: TS=        133931850498, dTS=   4999976

_  136: TS=        133936850473, dTS=   4999975

_  137: TS=        133941277326, dTS=   4426853

_  138: TS=        133941850448, dTS=    573122

_  139: TS=        133946850423, dTS=   4999975

_  140: TS=        133947071422, dTS=    220999
_  141: TS=        133947071427, dTS=         5

_  142: TS=        133949027314, dTS=   1955887

_  143: TS=        133951850398, dTS=   2823084

_  144: TS=        133954802323, dTS=   2951925

_  145: TS=        133956850373, dTS=   2048050

_  146: TS=        133961850348, dTS=   4999975

_  147: TS=        133966850323, dTS=   4999975

_  148: TS=        133971850298, dTS=   4999975

_  149: TS=        133976850273, dTS=   4999975

_  150: TS=        133981850249, dTS=   4999976

_  151: TS=        133986850224, dTS=   4999975

_  152: TS=        133988587301, dTS=   1737077

_  153: TS=        133991850199, dTS=   3262898

_  154: TS=        133996850174, dTS=   4999975

_  155: TS=        134001682292, dTS=   4832118

_  156: TS=        134001850149, dTS=    167857

_  157: TS=        134002247288, dTS=    397139

_  158: TS=        134002737291, dTS=    490003

_  159: TS=        134002847290, dTS=    109999

_  160: TS=        134006850124, dTS=   4002834

_  161: TS=        134008517321, dTS=   1667197
_  162: TS=        134008517326, dTS=         5

_  163: TS=        134011850099, dTS=   3332773

_  164: TS=        134016850074, dTS=   4999975

_  165: TS=        134021850049, dTS=   4999975

_  166: TS=        134026850024, dTS=   4999975

_  167: TS=        134031849999, dTS=   4999975

_  168: TS=        134036849975, dTS=   4999976

_  169: TS=        134041849950, dTS=   4999975

_  170: TS=        134046692279, dTS=   4842329

_  171: TS=        134046849925, dTS=    157646

_  172: TS=        134048123943, dTS=   1274018
_  173: TS=        134048123948, dTS=         5

_  174: TS=        134051849900, dTS=   3725952

_  175: TS=        134054622266, dTS=   2772366

_  176: TS=        134056849875, dTS=   2227609

_  177: TS=        134061849850, dTS=   4999975

_  178: TS=        134066849825, dTS=   4999975

_  179: TS=        134068382264, dTS=   1532439

_  180: TS=        134071849800, dTS=   3467536

_  181: TS=        134076849775, dTS=   4999975

_  182: TS=        134081849750, dTS=   4999975

_  183: TS=        134086849726, dTS=   4999976

_  184: TS=        134091849701, dTS=   4999975

_  185: TS=        134096849676, dTS=   4999975

_  186: TS=        134100649673, dTS=   3799997
_  187: TS=        134100649675, dTS=         2

_  188: TS=        134101849651, dTS=   1199976

_  189: TS=        134106849626, dTS=   4999975

_  190: TS=        134108437229, dTS=   1587603

_  191: TS=        134111849601, dTS=   3412372

_  192: TS=        134116849576, dTS=   4999975

_  193: TS=        134121849552, dTS=   4999976

_  194: TS=        134126849527, dTS=   4999975

_  195: TS=        134131849502, dTS=   4999975

_  196: TS=        134136849477, dTS=   4999975

_  197: TS=        134141849452, dTS=   4999975

_  198: TS=        134146849427, dTS=   4999975

_  199: TS=        134148905590, dTS=   2056163
_  200: TS=        134148905595, dTS=         5

_  201: TS=        134151849402, dTS=   2943807

_  202: TS=        134156849377, dTS=   4999975

_  203: TS=        134161849353, dTS=   4999976

_  204: TS=        134162302217, dTS=    452864

_  205: TS=        134166849328, dTS=   4547111

_  206: TS=        134168767199, dTS=   1917871

_  207: TS=        134171849303, dTS=   3082104

_  208: TS=        134174897196, dTS=   3047893

_  209: TS=        134176849278, dTS=   1952082

_  210: TS=        134180582182, dTS=   3732904

_  211: TS=        134181849253, dTS=   1267071

_  212: TS=        134186849228, dTS=   4999975

_  213: TS=        134191849203, dTS=   4999975

_  214: TS=        134194932170, dTS=   3082967

_  215: TS=        134195087174, dTS=    155004

_  216: TS=        134196849178, dTS=   1762004

_  217: TS=        134197625362, dTS=    776184
_  218: TS=        134197625367, dTS=         5

_  219: TS=        134201849153, dTS=   4223786

_  220: TS=        134205074347, dTS=   3225194
_  221: TS=        134205074352, dTS=         5

_  222: TS=        134206849129, dTS=   1774777

_  223: TS=        134211849104, dTS=   4999975

_  224: TS=        134216849079, dTS=   4999975

_  225: TS=        134221849054, dTS=   4999975

_  226: TS=        134224367023, dTS=   2517969
_  227: TS=        134224367028, dTS=         5

_  228: TS=        134226849029, dTS=   2482001

_  229: TS=        134227228573, dTS=    379544
_  230: TS=        134227228578, dTS=         5

_  231: TS=        134228112185, dTS=    883607

_  232: TS=        134231849004, dTS=   3736819

_  233: TS=        134236848979, dTS=   4999975

_  234: TS=        134241848954, dTS=   4999975

_  235: TS=        134246848929, dTS=   4999975

_  236: TS=        134247181373, dTS=    332444
_  237: TS=        134247181378, dTS=         5

_  238: TS=        134251848904, dTS=   4667526

_  239: TS=        134261848855, dTS=   9999951

_  240: TS=        134266848830, dTS=   4999975

_  241: TS=        134271848805, dTS=   4999975

_  242: TS=        134276848780, dTS=   4999975

_  243: TS=        134280850630, dTS=   4001850
_  244: TS=        134280850635, dTS=         5

_  245: TS=        134281848755, dTS=    998120

_  246: TS=        134286848730, dTS=   4999975

_  247: TS=        134291484376, dTS=   4635646
_  248: TS=        134291484381, dTS=         5

_  249: TS=        134291848705, dTS=    364324

_  250: TS=        134294007131, dTS=   2158426

_  251: TS=        134296848681, dTS=   2841550

_  252: TS=        134299919680, dTS=   3070999
_  253: TS=        134299919685, dTS=         5

_  254: TS=        134301848656, dTS=   1928971

_  255: TS=        134306848631, dTS=   4999975

_  256: TS=        134307167106, dTS=    318475

_  257: TS=        134311848606, dTS=   4681500

_  258: TS=        134316848581, dTS=   4999975

_  259: TS=        134318300222, dTS=   1451641
_  260: TS=        134318300227, dTS=         5

_  261: TS=        134321848556, dTS=   3548329

_  262: TS=        134326848531, dTS=   4999975

_  263: TS=        134331848506, dTS=   4999975

_  264: TS=        134335843170, dTS=   3994664
_  265: TS=        134335843175, dTS=         5

_  266: TS=        134336848482, dTS=   1005307

_  267: TS=        134341848457, dTS=   4999975

_  268: TS=        134346848432, dTS=   4999975

_  269: TS=        134351848407, dTS=   4999975

_  270: TS=        134356848382, dTS=   4999975

_  271: TS=        134359311151, dTS=   2462769
_  272: TS=        134359311156, dTS=         5

_  273: TS=        134361848357, dTS=   2537201

_  274: TS=        134366848332, dTS=   4999975

_  275: TS=        134371848307, dTS=   4999975

_  276: TS=        134376848283, dTS=   4999976

_  277: TS=        134381848258, dTS=   4999975

_  278: TS=        134386848233, dTS=   4999975

_  279: TS=        134387597067, dTS=    748834

_  280: TS=        134388310988, dTS=    713921
_  281: TS=        134388310993, dTS=         5

_  282: TS=        134389370319, dTS=   1059326
_  283: TS=        134389370324, dTS=         5

_  284: TS=        134391848208, dTS=   2477884

_  285: TS=        134396848183, dTS=   4999975

_  286: TS=        134401267066, dTS=   4418883

_  287: TS=        134401848158, dTS=    581092

_  288: TS=        134406848133, dTS=   4999975

_  289: TS=        134410698134, dTS=   3850001
_  290: TS=        134410698140, dTS=         6

_  291: TS=        134411848108, dTS=   1149968

_  292: TS=        134416848083, dTS=   4999975

_  293: TS=        134421848059, dTS=   4999976

_  294: TS=        134426848034, dTS=   4999975

_  295: TS=        134431848009, dTS=   4999975

_  296: TS=        134436847984, dTS=   4999975

_  297: TS=        134441847959, dTS=   4999975

_  298: TS=        134446847934, dTS=   4999975

_  299: TS=        134451847909, dTS=   4999975

_  300: TS=        134452798301, dTS=    950392
_  301: TS=        134452798306, dTS=         5

_  302: TS=        134456847884, dTS=   4049578

_  303: TS=        134461847860, dTS=   4999976

_  304: TS=        134463213492, dTS=   1365632
_  305: TS=        134463213497, dTS=         5

_  306: TS=        134466562008, dTS=   3348511

_  307: TS=        134466847835, dTS=    285827

_  308: TS=        134471847810, dTS=   4999975

_  309: TS=        134476847785, dTS=   4999975

_  310: TS=        134480688222, dTS=   3840437
_  311: TS=        134480688227, dTS=         5

_  312: TS=        134481847760, dTS=   1159533

_  313: TS=        134486019898, dTS=   4172138
_  314: TS=        134486019903, dTS=         5

_  315: TS=        134486847735, dTS=    827832

_  316: TS=        134488717565, dTS=   1869830
_  317: TS=        134488717570, dTS=         5

_  318: TS=        134491847710, dTS=   3130140

_  319: TS=        134496847686, dTS=   4999976

_  320: TS=        134501847661, dTS=   4999975

_  321: TS=        134506847636, dTS=   4999975

_  322: TS=        134511847611, dTS=   4999975

_  323: TS=        134513642014, dTS=   1794403

_  324: TS=        134516847586, dTS=   3205572

_  325: TS=        134519981989, dTS=   3134403

_  326: TS=        134521847561, dTS=   1865572

_  327: TS=        134526847536, dTS=   4999975

_  328: TS=        134531847511, dTS=   4999975

_  329: TS=        134532162762, dTS=    315251
_  330: TS=        134532162767, dTS=         5

_  331: TS=        134536847486, dTS=   4684719

_  332: TS=        134541847461, dTS=   4999975

_  333: TS=        134543450808, dTS=   1603347
_  334: TS=        134543450813, dTS=         5

_  335: TS=        134546847437, dTS=   3396624

_  336: TS=        134549391964, dTS=   2544527

_  337: TS=        134549396665, dTS=      4701
_  338: TS=        134549396670, dTS=         5

_  339: TS=        134551847412, dTS=   2450742

_  340: TS=        134556847387, dTS=   4999975

_  341: TS=        134560994149, dTS=   4146762
_  342: TS=        134560994154, dTS=         5

_  343: TS=        134561847362, dTS=    853208

_  344: TS=        134566847337, dTS=   4999975

_  345: TS=        134571847312, dTS=   4999975

_  346: TS=        134572529972, dTS=    682660
_  347: TS=        134572529977, dTS=         5

_  348: TS=        134576847287, dTS=   4317310

_  349: TS=        134581847263, dTS=   4999976

_  350: TS=        134586847238, dTS=   4999975

_  351: TS=        134591847213, dTS=   4999975

_  352: TS=        134593416956, dTS=   1569743

_  353: TS=        134596847188, dTS=   3430232

_  354: TS=        134601847163, dTS=   4999975

_  355: TS=        134606847138, dTS=   4999975

_  356: TS=        134611847113, dTS=   4999975

_  357: TS=        134612684844, dTS=    837731

_  358: TS=        134612896930, dTS=    212086

_  359: TS=        134616847089, dTS=   3950159

_  360: TS=        134619626924, dTS=   2779835

_  361: TS=        134621847064, dTS=   2220140

_  362: TS=        134626101918, dTS=   4254854

_  363: TS=        134626847039, dTS=    745121

_  364: TS=        134627730880, dTS=    883841
_  365: TS=        134627730885, dTS=         5

_  366: TS=        134631847014, dTS=   4116129

_  367: TS=        134636846989, dTS=   4999975

_  368: TS=        134641846964, dTS=   4999975

_  369: TS=        134646681912, dTS=   4834948

_  370: TS=        134646846939, dTS=    165027

_  371: TS=        134647081918, dTS=    234979

_  372: TS=        134648460403, dTS=   1378485
_  373: TS=        134648460408, dTS=         5

_  374: TS=        134651846915, dTS=   3386507

_  375: TS=        134656846890, dTS=   4999975

_  376: TS=        134661846865, dTS=   4999975

_  377: TS=        134663993901, dTS=   2147036
_  378: TS=        134663993906, dTS=         5

_  379: TS=        134666846840, dTS=   2852934

_  380: TS=        134671846815, dTS=   4999975

_  381: TS=        134676846790, dTS=   4999975

_  382: TS=        134681846765, dTS=   4999975

_  383: TS=        134686846740, dTS=   4999975

_  384: TS=        134691846716, dTS=   4999976

_  385: TS=        134693061888, dTS=   1215172

_  386: TS=        134696846691, dTS=   3784803

_  387: TS=        134700526885, dTS=   3680194

_  388: TS=        134701846666, dTS=   1319781

_  389: TS=        134706846641, dTS=   4999975

_  390: TS=        134711846616, dTS=   4999975

_  391: TS=        134716846591, dTS=   4999975

_  392: TS=        134721846567, dTS=   4999976

_  393: TS=        134726846542, dTS=   4999975

_  394: TS=        134731846517, dTS=   4999975

_  395: TS=        134732311891, dTS=    465374

_  396: TS=        134732511880, dTS=    199989

_  397: TS=        134736846492, dTS=   4334612

_  398: TS=        134741846467, dTS=   4999975

_  399: TS=        134742969765, dTS=   1123298

_  400: TS=        134746846442, dTS=   3876677

_  401: TS=        134751079272, dTS=   4232830
_  402: TS=        134751079277, dTS=         5

_  403: TS=        134751636825, dTS=    557548

_  404: TS=        134751846417, dTS=    209592

_  405: TS=        134754845383, dTS=   2998966
_  406: TS=        134754845388, dTS=         5

_  407: TS=        134756846393, dTS=   2001005

_  408: TS=        134761846368, dTS=   4999975

_  409: TS=        134764206837, dTS=   2360469

_  410: TS=        134766846343, dTS=   2639506

_  411: TS=        134771846318, dTS=   4999975

_  412: TS=        134776846293, dTS=   4999975

_  413: TS=        134781846268, dTS=   4999975

_  414: TS=        134783311856, dTS=   1465588

_  415: TS=        134786846243, dTS=   3534387

_  416: TS=        134791846219, dTS=   4999976

_  417: TS=        134796846194, dTS=   4999975

_  418: TS=        134797759500, dTS=    913306
_  419: TS=        134797759505, dTS=         5

_  420: TS=        134801846169, dTS=   4086664

_  421: TS=        134806846144, dTS=   4999975

_  422: TS=        134811846119, dTS=   4999975

_  423: TS=        134814723641, dTS=   2877522
_  424: TS=        134814723646, dTS=         5

_  425: TS=        134816846094, dTS=   2122448

_  426: TS=        134818378985, dTS=   1532891
_  427: TS=        134818378990, dTS=         5

_  428: TS=        134821846069, dTS=   3467079

_  429: TS=        134826846044, dTS=   4999975

_  430: TS=        134829412176, dTS=   2566132
_  431: TS=        134829412181, dTS=         5

_  432: TS=        134831846020, dTS=   2433839

_  433: TS=        134836845995, dTS=   4999975

_  434: TS=        134841845970, dTS=   4999975

_  435: TS=        134846845945, dTS=   4999975

_  436: TS=        134851845920, dTS=   4999975

_  437: TS=        134856621798, dTS=   4775878

_  438: TS=        134856845895, dTS=    224097

_  439: TS=        134861845870, dTS=   4999975

_  440: TS=        134866845846, dTS=   4999976

_  441: TS=        134867374860, dTS=    529014
_  442: TS=        134867374865, dTS=         5

_  443: TS=        134871845821, dTS=   4470956

_  444: TS=        134875811777, dTS=   3965956

_  445: TS=        134876845796, dTS=   1034019

_  446: TS=        134881845771, dTS=   4999975

_  447: TS=        134886845746, dTS=   4999975

_  448: TS=        134891845721, dTS=   4999975

_  449: TS=        134896845696, dTS=   4999975
buf#   1, bigbuf covers 13249.934 ms;
 buf#   2, bigbuf covers 13218.664 ms;
 buf#   3, bigbuf covers 12912.094 ms;
 buf#   4, bigbuf covers 11149.944 ms;
 buf#   5, bigbuf covers  2757.098 ms;
 buf#   6, bigbuf covers   736.600 ms;
 buf#   7, bigbuf covers   820.699 ms;
 buf#   8, bigbuf covers   791.949 ms;
 buf#   9, bigbuf covers   603.120 ms;
 buf#  10, bigbuf covers   733.100 ms;
 buf#  11, bigbuf covers   678.521 ms;
 buf#  12, bigbuf covers   801.500 ms;
 buf#  13, bigbuf covers   820.210 ms;
 buf#  14, bigbuf covers   699.621 ms;
 buf#  15, bigbuf covers   862.829 ms;
 buf#  16, bigbuf covers   772.550 ms;
 buf#  17, bigbuf covers   691.649 ms;
 buf#  18, bigbuf covers   686.579 ms;
 buf#  19, bigbuf covers   752.621 ms;
 buf#  20, bigbuf covers   867.228 ms;
 buf#  21, bigbuf covers   687.828 ms;
 buf#  22, bigbuf covers   682.100 ms;
 buf#  23, bigbuf covers   547.400 ms;
 buf#  24, bigbuf covers  3580.945 ms;
 buf#  25, bigbuf covers 11599.942 ms;
 buf#  26, bigbuf covers 10849.946 ms;
 buf#  27, bigbuf covers 10049.950 ms;
 buf#  28, bigbuf covers 10919.006 ms;
 buf#  29, bigbuf covers 11449.942 ms;
 buf#  30, bigbuf covers 11849.940 ms;
 buf#  31, bigbuf covers  9699.951 ms;
 buf#  32, bigbuf covers 10971.271 ms;
 buf#  33, bigbuf covers 10373.818 ms;
 buf#  34, bigbuf covers 11800.689 ms;
 buf#  35, bigbuf covers 11054.000 ms;
 buf#  36, bigbuf covers  9825.474 ms;
 buf#  37, bigbuf covers 10185.556 ms;
 buf#  38, bigbuf covers 11570.829 ms;
 buf#  39, bigbuf covers 11167.928 ms;
 buf#  40, bigbuf covers 10909.477 ms;
 buf#  41, bigbuf covers 10204.418 ms;
 buf#  42, bigbuf covers  8345.490 ms;
 buf#  43, bigbuf covers  9899.951 ms;
 buf#  44, bigbuf covers 11473.872 ms;
 buf#  45, bigbuf covers 11543.350 ms;
 buf#  46, bigbuf covers  7761.602 ms;
 buf#  47, bigbuf covers 10086.694 ms;
 buf#  48, bigbuf covers 11051.561 ms;
 buf#  49, bigbuf covers 10959.733 ms;
 
**----------------------------------------
file   0 is     active;     333255 reads ;  293264408 bytes; (  0.273GB) TS=     1090717010949
file   1 is     active;     116747 reads ;  102737368 bytes; (  0.096GB) TS=     1090718827125
current TS: 1090717010949; current event no:    449550;
events written:    449550; total reads=   450002;
elapsed time..................: 002h39m31s, [t0=133571852288, curTS=1090717010949]
Thu Oct  4 10:19:17 2018
number of open files:    2
CPU time: user     0.230 sec, system      0.230 sec, Total      0.460 sec
bigbuf fills..........=       1000
time order swaps......=         78
swaps per buffer......=       0.08
bigbuf covers  10030.756 ms
# bytes read...:    396001776B,   0.369GB; 820.993MB/sec; 2955.574GB/hour, 70.9TB/day
# bytes written:    395604016B,   0.368GB; 820.168MB/sec
total IO rate: 1641.161MB/sec or 13129Mbits/sec
output chunk # 0 (chunksiz=2000000000 bytes, or  1.863 GBytes)
^^----------------------------------------

failed to read 16 bytes for header, got 0
failed to read more data from file 0, nextTSpoolIndex=0
TS jumped back -2067182027812; file 0; TS=-1; old=2067182027811; nread=824381, njb=0; 
reject TS=-1; file 0
failed to read 16 bytes for header, got 0
failed to read more data from file 0, nextTSpoolIndex=0
TS jumped back -2067182027812; file 0; TS=-1; old=2067182027811; nread=824382, njb=1; 
reject TS=-1; file 0
failed to read 16 bytes for header, got 0
failed to read more data from file 0, nextTSpoolIndex=0
TS jumped back -2067182027812; file 0; TS=-1; old=2067182027811; nread=824383, njb=2; 
reject TS=-1; file 0
failed to read 16 bytes for header, got 0
failed to read more data from file 0, nextTSpoolIndex=0
TS jumped back -2067182027812; file 0; TS=-1; old=2067182027811; nread=824384, njb=3; 
reject TS=-1; file 0
failed to read 16 bytes for header, got 0
failed to read more data from file 0, nextTSpoolIndex=0
TS jumped back -2067182027812; file 0; TS=-1; old=2067182027811; nread=824385, njb=4; 
reject TS=-1; file 0
failed to read 16 bytes for header, got 0
failed to read more data from file 0, nextTSpoolIndex=0
TS jumped back -2067182027812; file 0; TS=-1; old=2067182027811; nread=824386, njb=5; 
reject TS=-1; file 0
failed to read 16 bytes for header, got 0
failed to read more data from file 0, nextTSpoolIndex=0
TS jumped back -2067182027812; file 0; TS=-1; old=2067182027811; nread=824387, njb=6; 
reject TS=-1; file 0
failed to read 16 bytes for header, got 0
failed to read more data from file 0, nextTSpoolIndex=0
TS jumped back -2067182027812; file 0; TS=-1; old=2067182027811; nread=824388, njb=7; 
reject TS=-1; file 0
failed to read 16 bytes for header, got 0
failed to read more data from file 0, nextTSpoolIndex=0
TS jumped back -2067182027812; file 0; TS=-1; old=2067182027811; nread=824389, njb=8; 
reject TS=-1; file 0
failed to read 16 bytes for header, got 0
failed to read more data from file 0, nextTSpoolIndex=0
reject TS=-1; file 0
failed to read 16 bytes for header, got 0
failed to read more data from file 0, nextTSpoolIndex=0
reject TS=-1; file 0
failed to read 16 bytes for header, got 0
failed to read more data from file 0, nextTSpoolIndex=0
reject TS=-1; file 0
failed to read 16 bytes for header, got 0
failed to read more data from file 0, nextTSpoolIndex=0
reject TS=-1; file 0
failed to read 16 bytes for header, got 0
failed to read more data from file 0, nextTSpoolIndex=0
reject TS=-1; file 0
failed to read 16 bytes for header, got 0
failed to read more data from file 0, nextTSpoolIndex=0
reject TS=-1; file 0
failed to read 16 bytes for header, got 0
failed to read more data from file 0, nextTSpoolIndex=0
reject TS=-1; file 0
failed to read 16 bytes for header, got 0
failed to read more data from file 0, nextTSpoolIndex=0
reject TS=-1; file 0
failed to read 16 bytes for header, got 0
failed to read more data from file 0, nextTSpoolIndex=0
reject TS=-1; file 0
failed to read 16 bytes for header, got 0
failed to read more data from file 0, nextTSpoolIndex=0
reject TS=-1; file 0
failed to read 16 bytes for header, got 0
failed to read more data from file 0, nextTSpoolIndex=0
reject TS=-1; file 0
failed to read 16 bytes for header, got 0
failed to read more data from file 0, nextTSpoolIndex=0
reject TS=-1; file 0
failed to read 16 bytes for header, got 0
failed to read more data from file 0, nextTSpoolIndex=0
reject TS=-1; file 0
failed to read 16 bytes for header, got 0
failed to read more data from file 0, nextTSpoolIndex=0
reject TS=-1; file 0
failed to read 16 bytes for header, got 0
failed to read more data from file 0, nextTSpoolIndex=0
reject TS=-1; file 0
failed to read 16 bytes for header, got 0
failed to read more data from file 0, nextTSpoolIndex=0
reject TS=-1; file 0
failed to read 16 bytes for header, got 0
failed to read more data from file 0, nextTSpoolIndex=0
reject TS=-1; file 0
failed to read 16 bytes for header, got 0
failed to read more data from file 0, nextTSpoolIndex=0
reject TS=-1; file 0
failed to read 16 bytes for header, got 0
failed to read more data from file 0, nextTSpoolIndex=0
reject TS=-1; file 0
failed to read 16 bytes for header, got 0
failed to read more data from file 0, nextTSpoolIndex=0
reject TS=-1; file 0
failed to read 16 bytes for header, got 0
failed to read more data from file 0, nextTSpoolIndex=0
reject TS=-1; file 0
failed to read 16 bytes for header, got 0
failed to read more data from file 0, nextTSpoolIndex=0
reject TS=-1; file 0
failed to read 16 bytes for header, got 0
failed to read more data from file 0, nextTSpoolIndex=0
reject TS=-1; file 0
failed to read 16 bytes for header, got 0
failed to read more data from file 0, nextTSpoolIndex=0
reject TS=-1; file 0
failed to read 16 bytes for header, got 0
failed to read more data from file 0, nextTSpoolIndex=0
reject TS=-1; file 0
failed to read 16 bytes for header, got 0
failed to read more data from file 0, nextTSpoolIndex=0
reject TS=-1; file 0
failed to read 16 bytes for header, got 0
failed to read more data from file 0, nextTSpoolIndex=0
reject TS=-1; file 0
failed to read 16 bytes for header, got 0
failed to read more data from file 0, nextTSpoolIndex=0
reject TS=-1; file 0
failed to read 16 bytes for header, got 0
failed to read more data from file 0, nextTSpoolIndex=0
reject TS=-1; file 0
failed to read 16 bytes for header, got 0
failed to read more data from file 0, nextTSpoolIndex=0
reject TS=-1; file 0
failed to read 16 bytes for header, got 0
failed to read more data from file 0, nextTSpoolIndex=0
reject TS=-1; file 0
failed to read 16 bytes for header, got 0
failed to read more data from file 0, nextTSpoolIndex=0
reject TS=-1; file 0
failed to read 16 bytes for header, got 0
failed to read more data from file 0, nextTSpoolIndex=0
reject TS=-1; file 0
failed to read 16 bytes for header, got 0
failed to read more data from file 0, nextTSpoolIndex=0
reject TS=-1; file 0
failed to read 16 bytes for header, got 0
failed to read more data from file 0, nextTSpoolIndex=0
reject TS=-1; file 0
failed to read 16 bytes for header, got 0
failed to read more data from file 0, nextTSpoolIndex=0
reject TS=-1; file 0
failed to read 16 bytes for header, got 0
failed to read more data from file 0, nextTSpoolIndex=0
reject TS=-1; file 0
failed to read 16 bytes for header, got 0
failed to read more data from file 0, nextTSpoolIndex=0
reject TS=-1; file 0
failed to read 16 bytes for header, got 0
failed to read more data from file 0, nextTSpoolIndex=0
reject TS=-1; file 0
failed to read 16 bytes for header, got 0
failed to read more data from file 0, nextTSpoolIndex=0
reject TS=-1; file 0
failed to read 16 bytes for header, got 0
failed to read more data from file 0, nextTSpoolIndex=0
reject TS=-1; file 0
failed to read 16 bytes for header, got 0
failed to read more data from file 0, nextTSpoolIndex=0
reject TS=-1; file 0
abort jump back recovery, oldFileTS 2067182027811 --> -1; DT=2067182027812
failed to read 16 bytes for header, got 0
failed to read more data from file 1, nextTSpoolIndex=1
no more data to be read
closed all files


hit statistics hit/Compton-suppress fraction


**----------------------------------------
file   0 is NOT active;     624556 reads ;  549609292 bytes; (  0.512GB)  -- completed
file   1 is NOT active;     199931 reads ;  175939292 bytes; (  0.164GB)  -- completed
current TS: 2068226974624; current event no:    824400;
events written:    824400; total reads=   824487;
elapsed time..................: 005h22m26s, [t0=133571852288, curTS=2068226974624]
Thu Oct  4 10:19:39 2018
number of open files:    0
CPU time: user     0.400 sec, system      0.400 sec, Total      0.800 sec
bigbuf fills..........=       1832
time order swaps......=        114
swaps per buffer......=       0.06
bigbuf covers      0.000 ms
# bytes read...:    725548584B,   0.676GB; 864.921MB/sec; 3113.717GB/hour, 74.7TB/day
# bytes written:    725472024B,   0.676GB; 864.830MB/sec
total IO rate: 1729.751MB/sec or 13838Mbits/sec
output chunk # 0 (chunksiz=2000000000 bytes, or  1.863 GBytes)
^^----------------------------------------


used big buf of size     0.000 GBytes


wrote 824400 events to::
/home/helios/experiments/iss000/analysis/merged_data/GEBMerged_run500.gtd_000: data
-rwxrwxrwx. 1 root root 725472024 Oct  4 10:19 /home/helios/experiments/iss000/analysis/merged_data/GEBMerged_run500.gtd_000


Boniva Sancta ;-) >> GEBMerge3 did not crash << !!



